============================= test session starts ==============================
platform darwin -- Python 3.12.10, pytest-8.3.5, pluggy-1.5.0 -- /Users/morgunov/Developer/batista/calcflow/.venv/bin/python3
cachedir: .pytest_cache
rootdir: /Users/morgunov/Developer/batista/calcflow
configfile: pyproject.toml
plugins: cov-6.1.1
collecting ... collected 3 items

tests/parsers/qchem/blocks/tddft/test_qc_tddft_unrel_dm.py::test_unrelaxed_dm_singlet_4 2025-05-19 13:31:03 [INFO] calcflow: Starting Q-Chem TDDFT output parsing.
2025-05-19 13:31:03 [INFO] calcflow: Core dispatch: Line 9 ('Q-Chem 6.2, Q-Chem, Inc., Pleasanton, CA (2024)') MATCHED by MetadataParser. Calling .parse().
2025-05-19 13:31:03 [DEBUG] calcflow: Parsed metadata - qchem_version: 6.2.0
2025-05-19 13:31:03 [INFO] calcflow: Core dispatch: MetadataParser .parse() completed.
2025-05-19 13:31:03 [INFO] calcflow: Core dispatch: Line 104 ('Q-Chem begins on Sun May  4 12:07:16 2025') MATCHED by MetadataParser. Calling .parse().
2025-05-19 13:31:03 [DEBUG] calcflow: Parsed metadata - run_date: Sun May  4 12:07:16 2025
2025-05-19 13:31:03 [INFO] calcflow: Core dispatch: MetadataParser .parse() completed.
2025-05-19 13:31:03 [INFO] calcflow: Core dispatch: Line 106 ('Host: login12') MATCHED by MetadataParser. Calling .parse().
2025-05-19 13:31:03 [DEBUG] calcflow: Parsed metadata - host: login12
2025-05-19 13:31:03 [INFO] calcflow: Core dispatch: MetadataParser .parse() completed.
2025-05-19 13:31:03 [INFO] calcflow: Core dispatch: Line 119 ('$molecule') MATCHED by GeometryParser. Calling .parse().
2025-05-19 13:31:03 [DEBUG] calcflow: Starting parsing of input geometry ($molecule).
2025-05-19 13:31:03 [DEBUG] calcflow: Found $end, finishing input geometry parsing.
2025-05-19 13:31:03 [INFO] calcflow: Parsed input geometry with 3 atoms.
2025-05-19 13:31:03 [INFO] calcflow: Core dispatch: GeometryParser .parse() completed.
2025-05-19 13:31:03 [INFO] calcflow: Core dispatch: Line 121 ('$rem') MATCHED by RemBlockParser. Calling .parse().
2025-05-19 13:31:03 [DEBUG] calcflow: Starting parsing of $rem block.
2025-05-19 13:31:03 [DEBUG] calcflow: Parsed from $rem: jobtype = sp
2025-05-19 13:31:03 [DEBUG] calcflow: Parsed from $rem: method = wb97x-d3
2025-05-19 13:31:03 [DEBUG] calcflow: Set specific field calculation_method: wb97x-d3
2025-05-19 13:31:03 [DEBUG] calcflow: Parsed from $rem: basis = pc-2
2025-05-19 13:31:03 [DEBUG] calcflow: Set specific field basis_set: pc-2
2025-05-19 13:31:03 [DEBUG] calcflow: Parsed from $rem: unrestricted = False
2025-05-19 13:31:03 [DEBUG] calcflow: Parsed from $rem: symmetry = False
2025-05-19 13:31:03 [DEBUG] calcflow: Parsed from $rem: sym_ignore = True
2025-05-19 13:31:03 [DEBUG] calcflow: Parsed from $rem: cis_n_roots = 10
2025-05-19 13:31:03 [DEBUG] calcflow: Parsed from $rem: cis_singlets = True
2025-05-19 13:31:03 [DEBUG] calcflow: Parsed from $rem: cis_triplets = False
2025-05-19 13:31:03 [DEBUG] calcflow: Parsed from $rem: state_analysis = True
2025-05-19 13:31:03 [DEBUG] calcflow: Parsed from $rem: rpa = True
2025-05-19 13:31:03 [DEBUG] calcflow: Found $end, finishing $rem block parsing.
2025-05-19 13:31:03 [INFO] calcflow: Core dispatch: RemBlockParser .parse() completed.
2025-05-19 13:31:03 [INFO] calcflow: Core dispatch: Line 133 ('Standard Nuclear Orientation (Angstroms)') MATCHED by GeometryParser. Calling .parse().
2025-05-19 13:31:03 [DEBUG] calcflow: Starting parsing of standard orientation geometry.
2025-05-19 13:31:03 [DEBUG] calcflow: Found standard orientation end marker, finishing parsing.
2025-05-19 13:31:03 [INFO] calcflow: Parsed standard orientation geometry with 3 atoms.
2025-05-19 13:31:03 [INFO] calcflow: Core dispatch: GeometryParser .parse() completed.
2025-05-19 13:31:03 [DEBUG] calcflow: Found Nuclear Repulsion Energy: 8.93764808
2025-05-19 13:31:03 [INFO] calcflow: Core dispatch: Line 162 ('General SCF calculation program by') MATCHED by ScfParser. Calling .parse().
2025-05-19 13:31:03 [DEBUG] calcflow: Starting parsing of SCF block.
2025-05-19 13:31:03 [DEBUG] calcflow: Found Final SCF energy value: -76.44125314
2025-05-19 13:31:03 [DEBUG] calcflow: Found Total energy including corrections: -76.44125314
2025-05-19 13:31:03 [INFO] calcflow: Parsed SCF data. Converged: True, Energy: -76.44125314, Iterations: 10.
2025-05-19 13:31:03 [INFO] calcflow: Core dispatch: ScfParser .parse() completed.
2025-05-19 13:31:03 [INFO] calcflow: Core dispatch: Line 162 ('TDDFT/TDA Excitation Energies') MATCHED by TDAExcitationEnergiesParser. Calling .parse().
2025-05-19 13:31:03 [DEBUG] calcflow: Starting parsing of TDA excitation energies block header: TDDFT/TDA Excitation Energies
2025-05-19 13:31:03 [DEBUG] calcflow: Consumed separator line for TDA: ---------------------------------------------------
2025-05-19 13:31:03 [DEBUG] calcflow: Parsing properties for TDA State 1 (line ~2)
2025-05-19 13:31:03 [DEBUG] calcflow: State 1: Found Multiplicity: Singlet
2025-05-19 13:31:03 [DEBUG] calcflow: Property scan for state 1 ended; found next state/block end. Pushing back: 'Excited state   2: excitation energy (eV) =       9.2974'
2025-05-19 13:31:03 [DEBUG] calcflow: Parsing properties for TDA State 2 (line ~8)
2025-05-19 13:31:03 [DEBUG] calcflow: State 2: Found Multiplicity: Singlet
2025-05-19 13:31:03 [DEBUG] calcflow: Property scan for state 2 ended; found next state/block end. Pushing back: 'Excited state   3: excitation energy (eV) =       9.8215'
2025-05-19 13:31:03 [DEBUG] calcflow: Parsing properties for TDA State 3 (line ~14)
2025-05-19 13:31:03 [DEBUG] calcflow: State 3: Found Multiplicity: Singlet
2025-05-19 13:31:03 [DEBUG] calcflow: Property scan for state 3 ended; found next state/block end. Pushing back: 'Excited state   4: excitation energy (eV) =      11.5796'
2025-05-19 13:31:03 [DEBUG] calcflow: Parsing properties for TDA State 4 (line ~20)
2025-05-19 13:31:03 [DEBUG] calcflow: State 4: Found Multiplicity: Singlet
2025-05-19 13:31:03 [DEBUG] calcflow: Property scan for state 4 ended; found next state/block end. Pushing back: 'Excited state   5: excitation energy (eV) =      13.4640'
2025-05-19 13:31:03 [DEBUG] calcflow: Parsing properties for TDA State 5 (line ~26)
2025-05-19 13:31:03 [DEBUG] calcflow: State 5: Found Multiplicity: Singlet
2025-05-19 13:31:03 [DEBUG] calcflow: Property scan for state 5 ended; found next state/block end. Pushing back: 'Excited state   6: excitation energy (eV) =      14.2481'
2025-05-19 13:31:03 [DEBUG] calcflow: Parsing properties for TDA State 6 (line ~32)
2025-05-19 13:31:03 [DEBUG] calcflow: State 6: Found Multiplicity: Singlet
2025-05-19 13:31:03 [DEBUG] calcflow: Property scan for state 6 ended; found next state/block end. Pushing back: 'Excited state   7: excitation energy (eV) =      15.1416'
2025-05-19 13:31:03 [DEBUG] calcflow: Parsing properties for TDA State 7 (line ~38)
2025-05-19 13:31:03 [DEBUG] calcflow: State 7: Found Multiplicity: Singlet
2025-05-19 13:31:03 [DEBUG] calcflow: Property scan for state 7 ended; found next state/block end. Pushing back: 'Excited state   8: excitation energy (eV) =      15.3233'
2025-05-19 13:31:03 [DEBUG] calcflow: Parsing properties for TDA State 8 (line ~44)
2025-05-19 13:31:03 [DEBUG] calcflow: State 8: Found Multiplicity: Singlet
2025-05-19 13:31:03 [DEBUG] calcflow: Property scan for state 8 ended; found next state/block end. Pushing back: 'Excited state   9: excitation energy (eV) =      15.7883'
2025-05-19 13:31:03 [DEBUG] calcflow: Parsing properties for TDA State 9 (line ~51)
2025-05-19 13:31:03 [DEBUG] calcflow: State 9: Found Multiplicity: Singlet
2025-05-19 13:31:03 [DEBUG] calcflow: Property scan for state 9 ended; found next state/block end. Pushing back: 'Excited state  10: excitation energy (eV) =      16.8451'
2025-05-19 13:31:03 [DEBUG] calcflow: Parsing properties for TDA State 10 (line ~57)
2025-05-19 13:31:03 [DEBUG] calcflow: State 10: Found Multiplicity: Singlet
2025-05-19 13:31:03 [DEBUG] calcflow: Property scan for state 10 ended; found next state/block end. Pushing back: '---------------------------------------------------'
2025-05-19 13:31:03 [DEBUG] calcflow: Found end of TDA excitation data block at relative line ~66.
2025-05-19 13:31:03 [INFO] calcflow: Successfully parsed 10 states from TDA block.
2025-05-19 13:31:03 [INFO] calcflow: Core dispatch: TDAExcitationEnergiesParser .parse() completed.
2025-05-19 13:31:03 [INFO] calcflow: Core dispatch: Line 185 ('TDDFT Excitation Energies') MATCHED by TDDFTExcitationEnergiesParser. Calling .parse().
2025-05-19 13:31:03 [DEBUG] calcflow: Starting parsing of TDDFT excitation energies block header: TDDFT Excitation Energies
2025-05-19 13:31:03 [DEBUG] calcflow: Consumed separator line for TDDFT: ---------------------------------------------------
2025-05-19 13:31:03 [DEBUG] calcflow: Parsing properties for TDDFT State 1 (line ~2)
2025-05-19 13:31:03 [DEBUG] calcflow: State 1: Found Multiplicity: Singlet
2025-05-19 13:31:03 [DEBUG] calcflow: Property scan for state 1 ended; found next state/block end. Pushing back: 'Excited state   2: excitation energy (eV) =        9.2908'
2025-05-19 13:31:03 [DEBUG] calcflow: Parsing properties for TDDFT State 2 (line ~8)
2025-05-19 13:31:03 [DEBUG] calcflow: State 2: Found Multiplicity: Singlet
2025-05-19 13:31:03 [DEBUG] calcflow: Property scan for state 2 ended; found next state/block end. Pushing back: 'Excited state   3: excitation energy (eV) =        9.7830'
2025-05-19 13:31:03 [DEBUG] calcflow: Parsing properties for TDDFT State 3 (line ~14)
2025-05-19 13:31:03 [DEBUG] calcflow: State 3: Found Multiplicity: Singlet
2025-05-19 13:31:03 [DEBUG] calcflow: Property scan for state 3 ended; found next state/block end. Pushing back: 'Excited state   4: excitation energy (eV) =       11.5480'
2025-05-19 13:31:03 [DEBUG] calcflow: Parsing properties for TDDFT State 4 (line ~20)
2025-05-19 13:31:03 [DEBUG] calcflow: State 4: Found Multiplicity: Singlet
2025-05-19 13:31:03 [DEBUG] calcflow: Property scan for state 4 ended; found next state/block end. Pushing back: 'Excited state   5: excitation energy (eV) =       13.4375'
2025-05-19 13:31:03 [DEBUG] calcflow: Parsing properties for TDDFT State 5 (line ~26)
2025-05-19 13:31:03 [DEBUG] calcflow: State 5: Found Multiplicity: Singlet
2025-05-19 13:31:03 [DEBUG] calcflow: Property scan for state 5 ended; found next state/block end. Pushing back: 'Excited state   6: excitation energy (eV) =       14.2421'
2025-05-19 13:31:03 [DEBUG] calcflow: Parsing properties for TDDFT State 6 (line ~32)
2025-05-19 13:31:03 [DEBUG] calcflow: State 6: Found Multiplicity: Singlet
2025-05-19 13:31:03 [DEBUG] calcflow: Property scan for state 6 ended; found next state/block end. Pushing back: 'Excited state   7: excitation energy (eV) =       15.0809'
2025-05-19 13:31:03 [DEBUG] calcflow: Parsing properties for TDDFT State 7 (line ~38)
2025-05-19 13:31:03 [DEBUG] calcflow: State 7: Found Multiplicity: Singlet
2025-05-19 13:31:03 [DEBUG] calcflow: Property scan for state 7 ended; found next state/block end. Pushing back: 'Excited state   8: excitation energy (eV) =       15.2992'
2025-05-19 13:31:03 [DEBUG] calcflow: Parsing properties for TDDFT State 8 (line ~44)
2025-05-19 13:31:03 [DEBUG] calcflow: State 8: Found Multiplicity: Singlet
2025-05-19 13:31:03 [DEBUG] calcflow: Property scan for state 8 ended; found next state/block end. Pushing back: 'Excited state   9: excitation energy (eV) =       15.7797'
2025-05-19 13:31:03 [DEBUG] calcflow: Parsing properties for TDDFT State 9 (line ~51)
2025-05-19 13:31:03 [DEBUG] calcflow: State 9: Found Multiplicity: Singlet
2025-05-19 13:31:03 [DEBUG] calcflow: Property scan for state 9 ended; found next state/block end. Pushing back: 'Excited state  10: excitation energy (eV) =       16.7974'
2025-05-19 13:31:03 [DEBUG] calcflow: Parsing properties for TDDFT State 10 (line ~57)
2025-05-19 13:31:03 [DEBUG] calcflow: State 10: Found Multiplicity: Singlet
2025-05-19 13:31:03 [DEBUG] calcflow: Property scan for state 10 ended; found next state/block end. Pushing back: '---------------------------------------------------'
2025-05-19 13:31:03 [DEBUG] calcflow: Found end of TDDFT excitation data block at relative line ~66.
2025-05-19 13:31:03 [INFO] calcflow: Successfully parsed 10 states from TDDFT block.
2025-05-19 13:31:03 [INFO] calcflow: Core dispatch: TDDFTExcitationEnergiesParser .parse() completed.
2025-05-19 13:31:03 [INFO] calcflow: Core dispatch: Line 195 ('Ground State (Reference) :') MATCHED by GroundStateReferenceParser. Calling .parse().
2025-05-19 13:31:03 [DEBUG] calcflow: Starting parsing of Ground State (Reference) block.
2025-05-19 13:31:03 [DEBUG] calcflow: Parsing NO data for type: rks, starting with header: 'NOs'
2025-05-19 13:31:03 [DEBUG] calcflow: NOs (rks): Found frontier occupation label: 'Occupation of frontier NOs:'
2025-05-19 13:31:03 [DEBUG] calcflow: NOs (rks): Found frontier_occ values: [0.0, 2.0]
2025-05-19 13:31:03 [DEBUG] calcflow: NOs (rks): Found num_e: 10.0
2025-05-19 13:31:03 [DEBUG] calcflow: NOs (rks): Found unpaired e: nu=-0.0, nunl=0.0
2025-05-19 13:31:03 [DEBUG] calcflow: NOs (rks): Found separator/blank line: ''. End of NO block.
2025-05-19 13:31:03 [DEBUG] calcflow: Parsing Mulliken GS State DM, starting with header: 'Mulliken Population Analysis (State DM)'
2025-05-19 13:31:03 [DEBUG] calcflow: Mulliken GS: Consumed column header: 'Atom      Charge (e)'
2025-05-19 13:31:03 [DEBUG] calcflow: Mulliken GS: Detected spin column: False
2025-05-19 13:31:03 [DEBUG] calcflow: Mulliken GS: Consumed separator line: '--------------------'
2025-05-19 13:31:03 [DEBUG] calcflow: Mulliken GS: Processing atom line candidate (1): '1 H        0.230554'
2025-05-19 13:31:03 [DEBUG] calcflow: Mulliken GS: Parsed atom 1 H Charge=0.230554 Spin=None
2025-05-19 13:31:03 [DEBUG] calcflow: Mulliken GS: Processing atom line candidate (2): '2 O       -0.460460'
2025-05-19 13:31:03 [DEBUG] calcflow: Mulliken GS: Parsed atom 2 O Charge=-0.46046 Spin=None
2025-05-19 13:31:03 [DEBUG] calcflow: Mulliken GS: Processing atom line candidate (3): '3 H        0.229906'
2025-05-19 13:31:03 [DEBUG] calcflow: Mulliken GS: Parsed atom 3 H Charge=0.229906 Spin=None
2025-05-19 13:31:03 [DEBUG] calcflow: Mulliken GS: Processing atom line candidate (4): '--------------------'
2025-05-19 13:31:03 [DEBUG] calcflow: Mulliken GS: Encountered blank/separator line: '--------------------'. Continuing.
2025-05-19 13:31:03 [DEBUG] calcflow: Mulliken GS: Processing atom line candidate (5): 'Sum:       -0.000000'
2025-05-19 13:31:03 [DEBUG] calcflow: Mulliken GS: Found sum line: 'Sum:       -0.000000'. End of atom data.
2025-05-19 13:31:03 [DEBUG] calcflow: Successfully parsed multipole data: Dipole total = 2.015379, RMS_XYZ = (0.451777, 0.403206, 0.437437)
2025-05-19 13:31:03 [DEBUG] calcflow: Found '^\s*Analysis of Unrelaxed Density Matrices\s*$' header; current GS Ref section ends. Buffering line.
2025-05-19 13:31:03 [INFO] calcflow: Stored Ground State Reference analysis data.
2025-05-19 13:31:03 [DEBUG] calcflow: Finished parsing Ground State (Reference) block.
2025-05-19 13:31:03 [INFO] calcflow: Core dispatch: GroundStateReferenceParser .parse() completed.
2025-05-19 13:31:03 [INFO] calcflow: Core dispatch: Line 195 ('Analysis of Unrelaxed Density Matrices') MATCHED by UnrelaxedExcitedStatePropertiesParser. Calling .parse().
2025-05-19 13:31:03 [INFO] calcflow: Parsing section: Analysis of Unrelaxed Density Matrices
2025-05-19 13:31:03 [DEBUG] calcflow: Parsing new state: Singlet 1
2025-05-19 13:31:03 [DEBUG] calcflow: Parsing target NOs data for state 1, header: 'NOs'
2025-05-19 13:31:03 [DEBUG] calcflow: Parsing Mulliken for state 1
2025-05-19 13:31:03 [DEBUG] calcflow: Detected RKS Mulliken format.
2025-05-19 13:31:03 [DEBUG] calcflow: Parsing Multipole for state 1
2025-05-19 13:31:03 [DEBUG] calcflow: Parsing Exciton for state 1
2025-05-19 13:31:03 [DEBUG] calcflow: RKS-like Exciton: Parsing single block
2025-05-19 13:31:03 [DEBUG] calcflow: Skipping blank line in exciton analysis block: ''
2025-05-19 13:31:03 [DEBUG] calcflow: Stored state 1. New state found.
2025-05-19 13:31:03 [DEBUG] calcflow: Parsing new state: Singlet 2
2025-05-19 13:31:03 [DEBUG] calcflow: Parsing target NOs data for state 2, header: 'NOs'
2025-05-19 13:31:03 [DEBUG] calcflow: Parsing Mulliken for state 2
2025-05-19 13:31:03 [DEBUG] calcflow: Detected RKS Mulliken format.
2025-05-19 13:31:03 [DEBUG] calcflow: Parsing Multipole for state 2
2025-05-19 13:31:03 [DEBUG] calcflow: Parsing Exciton for state 2
2025-05-19 13:31:03 [DEBUG] calcflow: RKS-like Exciton: Parsing single block
2025-05-19 13:31:03 [DEBUG] calcflow: Skipping blank line in exciton analysis block: ''
2025-05-19 13:31:03 [DEBUG] calcflow: Stored state 2. New state found.
2025-05-19 13:31:03 [DEBUG] calcflow: Parsing new state: Singlet 3
2025-05-19 13:31:03 [DEBUG] calcflow: Parsing target NOs data for state 3, header: 'NOs'
2025-05-19 13:31:03 [DEBUG] calcflow: Parsing Mulliken for state 3
2025-05-19 13:31:03 [DEBUG] calcflow: Detected RKS Mulliken format.
2025-05-19 13:31:03 [DEBUG] calcflow: Parsing Multipole for state 3
2025-05-19 13:31:03 [DEBUG] calcflow: Parsing Exciton for state 3
2025-05-19 13:31:03 [DEBUG] calcflow: RKS-like Exciton: Parsing single block
2025-05-19 13:31:03 [DEBUG] calcflow: Skipping blank line in exciton analysis block: ''
2025-05-19 13:31:03 [DEBUG] calcflow: Stored state 3. New state found.
2025-05-19 13:31:03 [DEBUG] calcflow: Parsing new state: Singlet 4
2025-05-19 13:31:03 [DEBUG] calcflow: Parsing target NOs data for state 4, header: 'NOs'
2025-05-19 13:31:03 [DEBUG] calcflow: Parsing Mulliken for state 4
2025-05-19 13:31:03 [DEBUG] calcflow: Detected RKS Mulliken format.
2025-05-19 13:31:03 [DEBUG] calcflow: Parsing Multipole for state 4
2025-05-19 13:31:03 [DEBUG] calcflow: Parsing Exciton for state 4
2025-05-19 13:31:03 [DEBUG] calcflow: RKS-like Exciton: Parsing single block
2025-05-19 13:31:03 [DEBUG] calcflow: Skipping blank line in exciton analysis block: ''
2025-05-19 13:31:03 [DEBUG] calcflow: Stored state 4. New state found.
2025-05-19 13:31:03 [DEBUG] calcflow: Parsing new state: Singlet 5
2025-05-19 13:31:03 [DEBUG] calcflow: Parsing target NOs data for state 5, header: 'NOs'
2025-05-19 13:31:03 [DEBUG] calcflow: Parsing Mulliken for state 5
2025-05-19 13:31:03 [DEBUG] calcflow: Detected RKS Mulliken format.
2025-05-19 13:31:03 [DEBUG] calcflow: Parsing Multipole for state 5
2025-05-19 13:31:03 [DEBUG] calcflow: Parsing Exciton for state 5
2025-05-19 13:31:03 [DEBUG] calcflow: RKS-like Exciton: Parsing single block
2025-05-19 13:31:03 [DEBUG] calcflow: Skipping blank line in exciton analysis block: ''
2025-05-19 13:31:03 [DEBUG] calcflow: Stored state 5. New state found.
2025-05-19 13:31:03 [DEBUG] calcflow: Parsing new state: Singlet 6
2025-05-19 13:31:03 [DEBUG] calcflow: Parsing target NOs data for state 6, header: 'NOs'
2025-05-19 13:31:03 [DEBUG] calcflow: Parsing Mulliken for state 6
2025-05-19 13:31:03 [DEBUG] calcflow: Detected RKS Mulliken format.
2025-05-19 13:31:03 [DEBUG] calcflow: Parsing Multipole for state 6
2025-05-19 13:31:03 [DEBUG] calcflow: Parsing Exciton for state 6
2025-05-19 13:31:03 [DEBUG] calcflow: RKS-like Exciton: Parsing single block
2025-05-19 13:31:03 [DEBUG] calcflow: Skipping blank line in exciton analysis block: ''
2025-05-19 13:31:03 [DEBUG] calcflow: Stored state 6. New state found.
2025-05-19 13:31:03 [DEBUG] calcflow: Parsing new state: Singlet 7
2025-05-19 13:31:03 [DEBUG] calcflow: Parsing target NOs data for state 7, header: 'NOs'
2025-05-19 13:31:03 [DEBUG] calcflow: Parsing Mulliken for state 7
2025-05-19 13:31:03 [DEBUG] calcflow: Detected RKS Mulliken format.
2025-05-19 13:31:03 [DEBUG] calcflow: Parsing Multipole for state 7
2025-05-19 13:31:03 [DEBUG] calcflow: Parsing Exciton for state 7
2025-05-19 13:31:03 [DEBUG] calcflow: RKS-like Exciton: Parsing single block
2025-05-19 13:31:03 [DEBUG] calcflow: Skipping blank line in exciton analysis block: ''
2025-05-19 13:31:03 [DEBUG] calcflow: Stored state 7. New state found.
2025-05-19 13:31:03 [DEBUG] calcflow: Parsing new state: Singlet 8
2025-05-19 13:31:03 [DEBUG] calcflow: Parsing target NOs data for state 8, header: 'NOs'
2025-05-19 13:31:03 [DEBUG] calcflow: Parsing Mulliken for state 8
2025-05-19 13:31:03 [DEBUG] calcflow: Detected RKS Mulliken format.
2025-05-19 13:31:03 [DEBUG] calcflow: Parsing Multipole for state 8
2025-05-19 13:31:03 [DEBUG] calcflow: Parsing Exciton for state 8
2025-05-19 13:31:03 [DEBUG] calcflow: RKS-like Exciton: Parsing single block
2025-05-19 13:31:03 [DEBUG] calcflow: Skipping blank line in exciton analysis block: ''
2025-05-19 13:31:03 [DEBUG] calcflow: Stored state 8. New state found.
2025-05-19 13:31:03 [DEBUG] calcflow: Parsing new state: Singlet 9
2025-05-19 13:31:03 [DEBUG] calcflow: Parsing target NOs data for state 9, header: 'NOs'
2025-05-19 13:31:03 [DEBUG] calcflow: Parsing Mulliken for state 9
2025-05-19 13:31:03 [DEBUG] calcflow: Detected RKS Mulliken format.
2025-05-19 13:31:03 [DEBUG] calcflow: Parsing Multipole for state 9
2025-05-19 13:31:03 [DEBUG] calcflow: Parsing Exciton for state 9
2025-05-19 13:31:03 [DEBUG] calcflow: RKS-like Exciton: Parsing single block
2025-05-19 13:31:03 [DEBUG] calcflow: Skipping blank line in exciton analysis block: ''
2025-05-19 13:31:03 [DEBUG] calcflow: Stored state 9. New state found.
2025-05-19 13:31:03 [DEBUG] calcflow: Parsing new state: Singlet 10
2025-05-19 13:31:03 [DEBUG] calcflow: Parsing target NOs data for state 10, header: 'NOs'
2025-05-19 13:31:03 [DEBUG] calcflow: Parsing Mulliken for state 10
2025-05-19 13:31:03 [DEBUG] calcflow: Detected RKS Mulliken format.
2025-05-19 13:31:03 [DEBUG] calcflow: Parsing Multipole for state 10
2025-05-19 13:31:03 [DEBUG] calcflow: Parsing Exciton for state 10
2025-05-19 13:31:03 [DEBUG] calcflow: RKS-like Exciton: Parsing single block
2025-05-19 13:31:03 [DEBUG] calcflow: Skipping blank line in exciton analysis block: ''
2025-05-19 13:31:03 [DEBUG] calcflow: Unrecognized line in Exciton analysis, assuming end: '----------------------------------------------------------------------------'
2025-05-19 13:31:03 [DEBUG] calcflow: Added last active state 10 before Transition Density Matrix Analysis.
2025-05-19 13:31:03 [INFO] calcflow: Found 'Transition Density Matrix Analysis'. Stopping parser.
2025-05-19 13:31:03 [INFO] calcflow: Successfully parsed 10 states from 'Analysis of Unrelaxed Density Matrices'.
2025-05-19 13:31:03 [INFO] calcflow: Core dispatch: UnrelaxedExcitedStatePropertiesParser .parse() completed.
2025-05-19 13:31:03 [INFO] calcflow: Core dispatch: Line 195 ('Transition Density Matrix Analysis') MATCHED by TransitionDensityMatrixParser. Calling .parse().
2025-05-19 13:31:03 [DEBUG] calcflow: Starting parsing of Transition Density Matrix Analysis section.
2025-05-19 13:31:03 [DEBUG] calcflow: Parsing TDM for Singlet state 1
2025-05-19 13:31:03 [DEBUG] calcflow: Parsing as RKS exciton block or UKS 'Total' block (no explicit 'Total:' header).
2025-05-19 13:31:03 [DEBUG] calcflow: Stored TDM Analysis for Singlet state 1
2025-05-19 13:31:03 [DEBUG] calcflow: Parsing TDM for Singlet state 2
2025-05-19 13:31:03 [DEBUG] calcflow: Parsing as RKS exciton block or UKS 'Total' block (no explicit 'Total:' header).
2025-05-19 13:31:03 [DEBUG] calcflow: Stored TDM Analysis for Singlet state 2
2025-05-19 13:31:03 [DEBUG] calcflow: Parsing TDM for Singlet state 3
2025-05-19 13:31:03 [DEBUG] calcflow: Parsing as RKS exciton block or UKS 'Total' block (no explicit 'Total:' header).
2025-05-19 13:31:03 [DEBUG] calcflow: Stored TDM Analysis for Singlet state 3
2025-05-19 13:31:03 [DEBUG] calcflow: Parsing TDM for Singlet state 4
2025-05-19 13:31:03 [DEBUG] calcflow: Parsing as RKS exciton block or UKS 'Total' block (no explicit 'Total:' header).
2025-05-19 13:31:03 [DEBUG] calcflow: Stored TDM Analysis for Singlet state 4
2025-05-19 13:31:03 [DEBUG] calcflow: Parsing TDM for Singlet state 5
2025-05-19 13:31:03 [DEBUG] calcflow: Parsing as RKS exciton block or UKS 'Total' block (no explicit 'Total:' header).
2025-05-19 13:31:03 [DEBUG] calcflow: Stored TDM Analysis for Singlet state 5
2025-05-19 13:31:03 [DEBUG] calcflow: Parsing TDM for Singlet state 6
2025-05-19 13:31:03 [DEBUG] calcflow: Parsing as RKS exciton block or UKS 'Total' block (no explicit 'Total:' header).
2025-05-19 13:31:03 [DEBUG] calcflow: Stored TDM Analysis for Singlet state 6
2025-05-19 13:31:03 [DEBUG] calcflow: Parsing TDM for Singlet state 7
2025-05-19 13:31:03 [DEBUG] calcflow: Parsing as RKS exciton block or UKS 'Total' block (no explicit 'Total:' header).
2025-05-19 13:31:03 [DEBUG] calcflow: Stored TDM Analysis for Singlet state 7
2025-05-19 13:31:03 [DEBUG] calcflow: Parsing TDM for Singlet state 8
2025-05-19 13:31:03 [DEBUG] calcflow: Parsing as RKS exciton block or UKS 'Total' block (no explicit 'Total:' header).
2025-05-19 13:31:03 [DEBUG] calcflow: Stored TDM Analysis for Singlet state 8
2025-05-19 13:31:03 [DEBUG] calcflow: Parsing TDM for Singlet state 9
2025-05-19 13:31:03 [DEBUG] calcflow: Parsing as RKS exciton block or UKS 'Total' block (no explicit 'Total:' header).
2025-05-19 13:31:03 [DEBUG] calcflow: Stored TDM Analysis for Singlet state 9
2025-05-19 13:31:03 [DEBUG] calcflow: Parsing TDM for Singlet state 10
2025-05-19 13:31:03 [DEBUG] calcflow: Parsing as RKS exciton block or UKS 'Total' block (no explicit 'Total:' header).
2025-05-19 13:31:03 [WARNING] calcflow: Unrecognized line in exciton data block, stopping parsing for this block: '----------------------------------------------------------------------------'
2025-05-19 13:31:03 [DEBUG] calcflow: Stored TDM Analysis for Singlet state 10
2025-05-19 13:31:03 [DEBUG] calcflow: TDM parsing stopped by next section: SA-NTO Decomposition
2025-05-19 13:31:03 [INFO] calcflow: Finished parsing TDM Analysis. Found 10 states.
2025-05-19 13:31:03 [INFO] calcflow: Core dispatch: TransitionDensityMatrixParser .parse() completed.
2025-05-19 13:31:03 [INFO] calcflow: Core dispatch: Line 195 ('SA-NTO Decomposition') MATCHED by NTODecompositionParser. Calling .parse().
2025-05-19 13:31:03 [DEBUG] calcflow: Starting SA-NTO Decomposition parsing.
2025-05-19 13:31:03 [DEBUG] calcflow: NTO Parser: Attempting STATE_HEADER_PATTERN match on line: ''
2025-05-19 13:31:03 [DEBUG] calcflow: NTO Parser: Attempting STATE_HEADER_PATTERN match on line: ''
2025-05-19 13:31:03 [DEBUG] calcflow: NTO Parser: Attempting STATE_HEADER_PATTERN match on line: '  Singlet 1 :'
2025-05-19 13:31:03 [DEBUG] calcflow: Parsing NTOs for Singlet state 1
2025-05-19 13:31:03 [DEBUG] calcflow: NTO Parser: Attempting STATE_HEADER_PATTERN match on line: '    Decomposition into state-averaged NTOs'
2025-05-19 13:31:03 [DEBUG] calcflow: NTO Parser: Attempting STATE_HEADER_PATTERN match on line: '      H- 0 -> L+ 0: -0.7067 ( 99.9%)'
2025-05-19 13:31:03 [DEBUG] calcflow: NTO Parser: Attempting STATE_HEADER_PATTERN match on line: '                     omega = 100.1%'
2025-05-19 13:31:03 [DEBUG] calcflow: NTO Parser: Attempting STATE_HEADER_PATTERN match on line: ''
2025-05-19 13:31:03 [DEBUG] calcflow: NTO Parser: Attempting STATE_HEADER_PATTERN match on line: '  Singlet 2 :'
2025-05-19 13:31:03 [DEBUG] calcflow: Finalized NTOStateAnalysis: NTOStateAnalysis(state_number=1, multiplicity='Singlet', contributions=(NTOContribution(hole_reference='H', hole_offset=0, electron_reference='L', electron_offset=0, coefficient=-0.7067, weight_percent=99.9, is_alpha_spin=True),), omega_percent=100.1, omega_alpha_percent=None, omega_beta_percent=None)
2025-05-19 13:31:03 [DEBUG] calcflow: Parsing NTOs for Singlet state 2
2025-05-19 13:31:03 [DEBUG] calcflow: NTO Parser: Attempting STATE_HEADER_PATTERN match on line: '    Decomposition into state-averaged NTOs'
2025-05-19 13:31:03 [DEBUG] calcflow: NTO Parser: Attempting STATE_HEADER_PATTERN match on line: '      H- 0 -> L+ 1: -0.7048 ( 99.3%)'
2025-05-19 13:31:03 [DEBUG] calcflow: NTO Parser: Attempting STATE_HEADER_PATTERN match on line: '                     omega = 100.0%'
2025-05-19 13:31:03 [DEBUG] calcflow: NTO Parser: Attempting STATE_HEADER_PATTERN match on line: ''
2025-05-19 13:31:03 [DEBUG] calcflow: NTO Parser: Attempting STATE_HEADER_PATTERN match on line: '  Singlet 3 :'
2025-05-19 13:31:03 [DEBUG] calcflow: Finalized NTOStateAnalysis: NTOStateAnalysis(state_number=2, multiplicity='Singlet', contributions=(NTOContribution(hole_reference='H', hole_offset=0, electron_reference='L', electron_offset=1, coefficient=-0.7048, weight_percent=99.3, is_alpha_spin=True),), omega_percent=100.0, omega_alpha_percent=None, omega_beta_percent=None)
2025-05-19 13:31:03 [DEBUG] calcflow: Parsing NTOs for Singlet state 3
2025-05-19 13:31:03 [DEBUG] calcflow: NTO Parser: Attempting STATE_HEADER_PATTERN match on line: '    Decomposition into state-averaged NTOs'
2025-05-19 13:31:03 [DEBUG] calcflow: NTO Parser: Attempting STATE_HEADER_PATTERN match on line: '      H- 1 -> L+ 0:  0.7047 ( 99.3%)'
2025-05-19 13:31:03 [DEBUG] calcflow: NTO Parser: Attempting STATE_HEADER_PATTERN match on line: '                     omega = 100.2%'
2025-05-19 13:31:03 [DEBUG] calcflow: NTO Parser: Attempting STATE_HEADER_PATTERN match on line: ''
2025-05-19 13:31:03 [DEBUG] calcflow: NTO Parser: Attempting STATE_HEADER_PATTERN match on line: '  Singlet 4 :'
2025-05-19 13:31:03 [DEBUG] calcflow: Finalized NTOStateAnalysis: NTOStateAnalysis(state_number=3, multiplicity='Singlet', contributions=(NTOContribution(hole_reference='H', hole_offset=-1, electron_reference='L', electron_offset=0, coefficient=0.7047, weight_percent=99.3, is_alpha_spin=True),), omega_percent=100.2, omega_alpha_percent=None, omega_beta_percent=None)
2025-05-19 13:31:03 [DEBUG] calcflow: Parsing NTOs for Singlet state 4
2025-05-19 13:31:03 [DEBUG] calcflow: NTO Parser: Attempting STATE_HEADER_PATTERN match on line: '    Decomposition into state-averaged NTOs'
2025-05-19 13:31:03 [DEBUG] calcflow: NTO Parser: Attempting STATE_HEADER_PATTERN match on line: '      H- 1 -> L+ 1:  0.7063 ( 99.8%)'
2025-05-19 13:31:03 [DEBUG] calcflow: NTO Parser: Attempting STATE_HEADER_PATTERN match on line: '                     omega = 100.1%'
2025-05-19 13:31:03 [DEBUG] calcflow: NTO Parser: Attempting STATE_HEADER_PATTERN match on line: ''
2025-05-19 13:31:03 [DEBUG] calcflow: NTO Parser: Attempting STATE_HEADER_PATTERN match on line: '  Singlet 5 :'
2025-05-19 13:31:03 [DEBUG] calcflow: Finalized NTOStateAnalysis: NTOStateAnalysis(state_number=4, multiplicity='Singlet', contributions=(NTOContribution(hole_reference='H', hole_offset=-1, electron_reference='L', electron_offset=1, coefficient=0.7063, weight_percent=99.8, is_alpha_spin=True),), omega_percent=100.1, omega_alpha_percent=None, omega_beta_percent=None)
2025-05-19 13:31:03 [DEBUG] calcflow: Parsing NTOs for Singlet state 5
2025-05-19 13:31:03 [DEBUG] calcflow: NTO Parser: Attempting STATE_HEADER_PATTERN match on line: '    Decomposition into state-averaged NTOs'
2025-05-19 13:31:03 [DEBUG] calcflow: NTO Parser: Attempting STATE_HEADER_PATTERN match on line: '      H- 2 -> L+ 0:  0.7041 ( 99.2%)'
2025-05-19 13:31:03 [DEBUG] calcflow: NTO Parser: Attempting STATE_HEADER_PATTERN match on line: '                     omega = 100.1%'
2025-05-19 13:31:03 [DEBUG] calcflow: NTO Parser: Attempting STATE_HEADER_PATTERN match on line: ''
2025-05-19 13:31:03 [DEBUG] calcflow: NTO Parser: Attempting STATE_HEADER_PATTERN match on line: '  Singlet 6 :'
2025-05-19 13:31:03 [DEBUG] calcflow: Finalized NTOStateAnalysis: NTOStateAnalysis(state_number=5, multiplicity='Singlet', contributions=(NTOContribution(hole_reference='H', hole_offset=-2, electron_reference='L', electron_offset=0, coefficient=0.7041, weight_percent=99.2, is_alpha_spin=True),), omega_percent=100.1, omega_alpha_percent=None, omega_beta_percent=None)
2025-05-19 13:31:03 [DEBUG] calcflow: Parsing NTOs for Singlet state 6
2025-05-19 13:31:03 [DEBUG] calcflow: NTO Parser: Attempting STATE_HEADER_PATTERN match on line: '    Decomposition into state-averaged NTOs'
2025-05-19 13:31:03 [DEBUG] calcflow: NTO Parser: Attempting STATE_HEADER_PATTERN match on line: '      H- 0 -> L+ 3: -0.7023 ( 98.7%)'
2025-05-19 13:31:03 [DEBUG] calcflow: NTO Parser: Attempting STATE_HEADER_PATTERN match on line: '                     omega = 100.0%'
2025-05-19 13:31:03 [DEBUG] calcflow: NTO Parser: Attempting STATE_HEADER_PATTERN match on line: ''
2025-05-19 13:31:03 [DEBUG] calcflow: NTO Parser: Attempting STATE_HEADER_PATTERN match on line: '  Singlet 7 :'
2025-05-19 13:31:03 [DEBUG] calcflow: Finalized NTOStateAnalysis: NTOStateAnalysis(state_number=6, multiplicity='Singlet', contributions=(NTOContribution(hole_reference='H', hole_offset=0, electron_reference='L', electron_offset=3, coefficient=-0.7023, weight_percent=98.7, is_alpha_spin=True),), omega_percent=100.0, omega_alpha_percent=None, omega_beta_percent=None)
2025-05-19 13:31:03 [DEBUG] calcflow: Parsing NTOs for Singlet state 7
2025-05-19 13:31:03 [DEBUG] calcflow: NTO Parser: Attempting STATE_HEADER_PATTERN match on line: '    Decomposition into state-averaged NTOs'
2025-05-19 13:31:03 [DEBUG] calcflow: NTO Parser: Attempting STATE_HEADER_PATTERN match on line: '      H- 0 -> L+ 2:  0.5097 ( 52.0%)'
2025-05-19 13:31:03 [DEBUG] calcflow: NTO Parser: Attempting STATE_HEADER_PATTERN match on line: '      H- 0 -> L+ 4:  0.4872 ( 47.5%)'
2025-05-19 13:31:03 [DEBUG] calcflow: NTO Parser: Attempting STATE_HEADER_PATTERN match on line: '                     omega = 100.2%'
2025-05-19 13:31:03 [DEBUG] calcflow: NTO Parser: Attempting STATE_HEADER_PATTERN match on line: ''
2025-05-19 13:31:03 [DEBUG] calcflow: NTO Parser: Attempting STATE_HEADER_PATTERN match on line: '  Singlet 8 :'
2025-05-19 13:31:03 [DEBUG] calcflow: Finalized NTOStateAnalysis: NTOStateAnalysis(state_number=7, multiplicity='Singlet', contributions=(NTOContribution(hole_reference='H', hole_offset=0, electron_reference='L', electron_offset=2, coefficient=0.5097, weight_percent=52.0, is_alpha_spin=True), NTOContribution(hole_reference='H', hole_offset=0, electron_reference='L', electron_offset=4, coefficient=0.4872, weight_percent=47.5, is_alpha_spin=True)), omega_percent=100.2, omega_alpha_percent=None, omega_beta_percent=None)
2025-05-19 13:31:03 [DEBUG] calcflow: Parsing NTOs for Singlet state 8
2025-05-19 13:31:03 [DEBUG] calcflow: NTO Parser: Attempting STATE_HEADER_PATTERN match on line: '    Decomposition into state-averaged NTOs'
2025-05-19 13:31:03 [DEBUG] calcflow: NTO Parser: Attempting STATE_HEADER_PATTERN match on line: '      H- 2 -> L+ 1:  0.6480 ( 84.0%)'
2025-05-19 13:31:03 [DEBUG] calcflow: NTO Parser: Attempting STATE_HEADER_PATTERN match on line: '      H- 0 -> L+ 5:  0.2694 ( 14.5%)'
2025-05-19 13:31:03 [DEBUG] calcflow: NTO Parser: Attempting STATE_HEADER_PATTERN match on line: '                     omega = 100.1%'
2025-05-19 13:31:03 [DEBUG] calcflow: NTO Parser: Attempting STATE_HEADER_PATTERN match on line: ''
2025-05-19 13:31:03 [DEBUG] calcflow: NTO Parser: Attempting STATE_HEADER_PATTERN match on line: '  Singlet 9 :'
2025-05-19 13:31:03 [DEBUG] calcflow: Finalized NTOStateAnalysis: NTOStateAnalysis(state_number=8, multiplicity='Singlet', contributions=(NTOContribution(hole_reference='H', hole_offset=-2, electron_reference='L', electron_offset=1, coefficient=0.648, weight_percent=84.0, is_alpha_spin=True), NTOContribution(hole_reference='H', hole_offset=0, electron_reference='L', electron_offset=5, coefficient=0.2694, weight_percent=14.5, is_alpha_spin=True)), omega_percent=100.1, omega_alpha_percent=None, omega_beta_percent=None)
2025-05-19 13:31:03 [DEBUG] calcflow: Parsing NTOs for Singlet state 9
2025-05-19 13:31:03 [DEBUG] calcflow: NTO Parser: Attempting STATE_HEADER_PATTERN match on line: '    Decomposition into state-averaged NTOs'
2025-05-19 13:31:03 [DEBUG] calcflow: NTO Parser: Attempting STATE_HEADER_PATTERN match on line: '      H- 0 -> L+ 4:  0.5072 ( 51.5%)'
2025-05-19 13:31:03 [DEBUG] calcflow: NTO Parser: Attempting STATE_HEADER_PATTERN match on line: '      H- 0 -> L+ 2: -0.4894 ( 47.9%)'
2025-05-19 13:31:03 [DEBUG] calcflow: NTO Parser: Attempting STATE_HEADER_PATTERN match on line: '                     omega = 100.0%'
2025-05-19 13:31:03 [DEBUG] calcflow: NTO Parser: Attempting STATE_HEADER_PATTERN match on line: ''
2025-05-19 13:31:03 [DEBUG] calcflow: NTO Parser: Attempting STATE_HEADER_PATTERN match on line: '  Singlet 10 :'
2025-05-19 13:31:03 [DEBUG] calcflow: Finalized NTOStateAnalysis: NTOStateAnalysis(state_number=9, multiplicity='Singlet', contributions=(NTOContribution(hole_reference='H', hole_offset=0, electron_reference='L', electron_offset=4, coefficient=0.5072, weight_percent=51.5, is_alpha_spin=True), NTOContribution(hole_reference='H', hole_offset=0, electron_reference='L', electron_offset=2, coefficient=-0.4894, weight_percent=47.9, is_alpha_spin=True)), omega_percent=100.0, omega_alpha_percent=None, omega_beta_percent=None)
2025-05-19 13:31:03 [DEBUG] calcflow: Parsing NTOs for Singlet state 10
2025-05-19 13:31:03 [DEBUG] calcflow: NTO Parser: Attempting STATE_HEADER_PATTERN match on line: '    Decomposition into state-averaged NTOs'
2025-05-19 13:31:03 [DEBUG] calcflow: NTO Parser: Attempting STATE_HEADER_PATTERN match on line: '      H- 1 -> L+ 2: -0.5072 ( 51.5%)'
2025-05-19 13:31:03 [DEBUG] calcflow: NTO Parser: Attempting STATE_HEADER_PATTERN match on line: '      H- 0 -> L+ 5:  0.4636 ( 43.0%)'
2025-05-19 13:31:03 [DEBUG] calcflow: NTO Parser: Attempting STATE_HEADER_PATTERN match on line: '      H- 2 -> L+ 1: -0.1545 (  4.8%)'
2025-05-19 13:31:03 [DEBUG] calcflow: NTO Parser: Attempting STATE_HEADER_PATTERN match on line: '                     omega = 100.2%'
2025-05-19 13:31:03 [DEBUG] calcflow: NTO Parser: Attempting STATE_HEADER_PATTERN match on line: ''
2025-05-19 13:31:03 [DEBUG] calcflow: Found SA-NTO Decomposition section end token.
2025-05-19 13:31:03 [DEBUG] calcflow: Finalized NTOStateAnalysis: NTOStateAnalysis(state_number=10, multiplicity='Singlet', contributions=(NTOContribution(hole_reference='H', hole_offset=-1, electron_reference='L', electron_offset=2, coefficient=-0.5072, weight_percent=51.5, is_alpha_spin=True), NTOContribution(hole_reference='H', hole_offset=0, electron_reference='L', electron_offset=5, coefficient=0.4636, weight_percent=43.0, is_alpha_spin=True), NTOContribution(hole_reference='H', hole_offset=-2, electron_reference='L', electron_offset=1, coefficient=-0.1545, weight_percent=4.8, is_alpha_spin=True)), omega_percent=100.2, omega_alpha_percent=None, omega_beta_percent=None)
2025-05-19 13:31:03 [INFO] calcflow: Core dispatch: NTODecompositionParser .parse() completed.
2025-05-19 13:31:03 [INFO] calcflow: Core dispatch: Line 199 ('Orbital Energies (a.u.)') MATCHED by OrbitalParser. Calling .parse().
2025-05-19 13:31:03 [DEBUG] calcflow: Parsing Orbital Energies section.
2025-05-19 13:31:03 [DEBUG] calcflow: Skipping blank line 1
2025-05-19 13:31:03 [DEBUG] calcflow: Detected spin type: alpha
2025-05-19 13:31:03 [DEBUG] calcflow: Parsing occupied alpha orbitals.
2025-05-19 13:31:03 [DEBUG] calcflow: Parsed 5 alpha energies: [-19.2346, -1.1182, -0.6261, -0.4888, -0.4147]
2025-05-19 13:31:03 [DEBUG] calcflow: Parsing virtual alpha orbitals.
2025-05-19 13:31:03 [DEBUG] calcflow: Parsed 8 alpha energies: [0.0878, 0.1389, 0.3614, 0.3715, 0.4265, 0.4394, 0.5388, 0.7688]
2025-05-19 13:31:03 [DEBUG] calcflow: Parsed 8 alpha energies: [0.8532, 0.8877, 0.9614, 1.1406, 1.265, 1.3179, 1.5082, 1.5393]
2025-05-19 13:31:03 [DEBUG] calcflow: Parsed 8 alpha energies: [1.8541, 1.9189, 1.9527, 2.1473, 2.184, 2.3774, 2.9776, 3.4429]
2025-05-19 13:31:03 [DEBUG] calcflow: Parsed 8 alpha energies: [3.4709, 3.6084, 3.6592, 3.7714, 3.8838, 3.8938, 4.1099, 4.1211]
2025-05-19 13:31:03 [DEBUG] calcflow: Parsed 8 alpha energies: [4.3091, 4.4486, 4.5396, 4.5676, 4.696, 4.8874, 4.9189, 4.9296]
2025-05-19 13:31:03 [DEBUG] calcflow: Parsed 8 alpha energies: [5.0041, 5.7331, 5.9998, 6.0272, 6.2568, 6.2792, 6.3051, 6.3379]
2025-05-19 13:31:03 [DEBUG] calcflow: Parsed 5 alpha energies: [6.4981, 6.8786, 6.8988, 7.4257, 14.8185]
2025-05-19 13:31:03 [DEBUG] calcflow: End of Orbital Energies section detected at block line 13 ('--------------------------------------------------------------').
2025-05-19 13:31:03 [DEBUG] calcflow: Finished parsing Orbital Energies section. Found 58 alpha MOs.
2025-05-19 13:31:03 [INFO] calcflow: Core dispatch: OrbitalParser .parse() completed.
2025-05-19 13:31:03 [INFO] calcflow: Core dispatch: Line 202 ('Cartesian Multipole Moments') MATCHED by MultipoleParser. Calling .parse().
2025-05-19 13:31:03 [DEBUG] calcflow: Entering Multipole Moments section.
2025-05-19 13:31:03 [DEBUG] calcflow: Found end of Multipole Moments section.
2025-05-19 13:31:03 [DEBUG] calcflow: Parsed Multipole Data: MultipoleResults(Charge=-0.0000, Dipole=2.0154 D, Higher moments present)
2025-05-19 13:31:03 [DEBUG] calcflow: Exiting Multipole Moments section.
2025-05-19 13:31:03 [INFO] calcflow: Core dispatch: MultipoleParser .parse() completed.
2025-05-19 13:31:03 [DEBUG] calcflow: Found Normal Termination signature.
2025-05-19 13:31:03 [DEBUG] calcflow: Core main loop: Reached end of input.
2025-05-19 13:31:03 [INFO] calcflow: Q-Chem SP parsing finished. Status: NORMAL, Final Energy: -76.44125314
PASSED
tests/parsers/qchem/blocks/tddft/test_qc_tddft_unrel_dm.py::test_unrelaxed_dm_singlet_8 PASSED
tests/parsers/qchem/blocks/tddft/test_qc_tddft_unrel_dm.py::test_unrelaxed_dm_uks_excited_state_1 2025-05-19 13:31:03 [INFO] calcflow: Starting Q-Chem TDDFT output parsing.
2025-05-19 13:31:03 [INFO] calcflow: Core dispatch: Line 9 ('Q-Chem 6.2, Q-Chem, Inc., Pleasanton, CA (2024)') MATCHED by MetadataParser. Calling .parse().
2025-05-19 13:31:03 [DEBUG] calcflow: Parsed metadata - qchem_version: 6.2.0
2025-05-19 13:31:03 [INFO] calcflow: Core dispatch: MetadataParser .parse() completed.
2025-05-19 13:31:03 [INFO] calcflow: Core dispatch: Line 104 ('Q-Chem begins on Sun May  4 12:41:10 2025') MATCHED by MetadataParser. Calling .parse().
2025-05-19 13:31:03 [DEBUG] calcflow: Parsed metadata - run_date: Sun May  4 12:41:10 2025
2025-05-19 13:31:03 [INFO] calcflow: Core dispatch: MetadataParser .parse() completed.
2025-05-19 13:31:03 [INFO] calcflow: Core dispatch: Line 106 ('Host: login30') MATCHED by MetadataParser. Calling .parse().
2025-05-19 13:31:03 [DEBUG] calcflow: Parsed metadata - host: login30
2025-05-19 13:31:03 [INFO] calcflow: Core dispatch: MetadataParser .parse() completed.
2025-05-19 13:31:03 [INFO] calcflow: Core dispatch: Line 119 ('$molecule') MATCHED by GeometryParser. Calling .parse().
2025-05-19 13:31:03 [DEBUG] calcflow: Starting parsing of input geometry ($molecule).
2025-05-19 13:31:03 [DEBUG] calcflow: Found $end, finishing input geometry parsing.
2025-05-19 13:31:03 [INFO] calcflow: Parsed input geometry with 3 atoms.
2025-05-19 13:31:03 [INFO] calcflow: Core dispatch: GeometryParser .parse() completed.
2025-05-19 13:31:03 [INFO] calcflow: Core dispatch: Line 121 ('$rem') MATCHED by RemBlockParser. Calling .parse().
2025-05-19 13:31:03 [DEBUG] calcflow: Starting parsing of $rem block.
2025-05-19 13:31:03 [DEBUG] calcflow: Parsed from $rem: jobtype = sp
2025-05-19 13:31:03 [DEBUG] calcflow: Parsed from $rem: method = wb97x-d3
2025-05-19 13:31:03 [DEBUG] calcflow: Set specific field calculation_method: wb97x-d3
2025-05-19 13:31:03 [DEBUG] calcflow: Parsed from $rem: basis = pc-2
2025-05-19 13:31:03 [DEBUG] calcflow: Set specific field basis_set: pc-2
2025-05-19 13:31:03 [DEBUG] calcflow: Parsed from $rem: unrestricted = True
2025-05-19 13:31:03 [DEBUG] calcflow: Parsed from $rem: symmetry = False
2025-05-19 13:31:03 [DEBUG] calcflow: Parsed from $rem: sym_ignore = True
2025-05-19 13:31:03 [DEBUG] calcflow: Parsed from $rem: cis_n_roots = 10
2025-05-19 13:31:03 [DEBUG] calcflow: Parsed from $rem: cis_singlets = True
2025-05-19 13:31:03 [DEBUG] calcflow: Parsed from $rem: cis_triplets = False
2025-05-19 13:31:03 [DEBUG] calcflow: Parsed from $rem: state_analysis = True
2025-05-19 13:31:03 [DEBUG] calcflow: Parsed from $rem: rpa = True
2025-05-19 13:31:03 [DEBUG] calcflow: Found $end, finishing $rem block parsing.
2025-05-19 13:31:03 [INFO] calcflow: Core dispatch: RemBlockParser .parse() completed.
2025-05-19 13:31:03 [INFO] calcflow: Core dispatch: Line 133 ('Standard Nuclear Orientation (Angstroms)') MATCHED by GeometryParser. Calling .parse().
2025-05-19 13:31:03 [DEBUG] calcflow: Starting parsing of standard orientation geometry.
2025-05-19 13:31:03 [DEBUG] calcflow: Found standard orientation end marker, finishing parsing.
2025-05-19 13:31:03 [INFO] calcflow: Parsed standard orientation geometry with 3 atoms.
2025-05-19 13:31:03 [INFO] calcflow: Core dispatch: GeometryParser .parse() completed.
2025-05-19 13:31:03 [DEBUG] calcflow: Found Nuclear Repulsion Energy: 8.93764808
2025-05-19 13:31:03 [INFO] calcflow: Core dispatch: Line 162 ('General SCF calculation program by') MATCHED by ScfParser. Calling .parse().
2025-05-19 13:31:03 [DEBUG] calcflow: Starting parsing of SCF block.
2025-05-19 13:31:03 [DEBUG] calcflow: Found Final SCF energy value: -76.44125314
2025-05-19 13:31:03 [DEBUG] calcflow: Found Total energy including corrections: -76.44125314
2025-05-19 13:31:03 [INFO] calcflow: Parsed SCF data. Converged: True, Energy: -76.44125314, Iterations: 10.
2025-05-19 13:31:03 [INFO] calcflow: Core dispatch: ScfParser .parse() completed.
2025-05-19 13:31:03 [INFO] calcflow: Core dispatch: Line 162 ('TDDFT/TDA Excitation Energies') MATCHED by TDAExcitationEnergiesParser. Calling .parse().
2025-05-19 13:31:03 [DEBUG] calcflow: Starting parsing of TDA excitation energies block header: TDDFT/TDA Excitation Energies
2025-05-19 13:31:03 [DEBUG] calcflow: Consumed separator line for TDA: ---------------------------------------------------
2025-05-19 13:31:03 [DEBUG] calcflow: Parsing properties for TDA State 1 (line ~2)
2025-05-19 13:31:03 [DEBUG] calcflow: State 1: Found <S**2>: 2.0000
2025-05-19 13:31:03 [DEBUG] calcflow: State 1: Inferred Triplet from <S**2> ~ 2
2025-05-19 13:31:03 [DEBUG] calcflow: Property scan for state 1 ended; found next state/block end. Pushing back: 'Excited state   2: excitation energy (eV) =       7.5954'
2025-05-19 13:31:03 [DEBUG] calcflow: Parsing properties for TDA State 2 (line ~9)
2025-05-19 13:31:03 [DEBUG] calcflow: State 2: Found <S**2>: -0.0000
2025-05-19 13:31:03 [DEBUG] calcflow: State 2: Inferred Singlet from <S**2> ~ 0
2025-05-19 13:31:03 [DEBUG] calcflow: Property scan for state 2 ended; found next state/block end. Pushing back: 'Excited state   3: excitation energy (eV) =       9.0388'
2025-05-19 13:31:03 [DEBUG] calcflow: Parsing properties for TDA State 3 (line ~16)
2025-05-19 13:31:03 [DEBUG] calcflow: State 3: Found <S**2>: 2.0000
2025-05-19 13:31:03 [DEBUG] calcflow: State 3: Inferred Triplet from <S**2> ~ 2
2025-05-19 13:31:03 [DEBUG] calcflow: Property scan for state 3 ended; found next state/block end. Pushing back: 'Excited state   4: excitation energy (eV) =       9.2313'
2025-05-19 13:31:03 [DEBUG] calcflow: Parsing properties for TDA State 4 (line ~23)
2025-05-19 13:31:03 [DEBUG] calcflow: State 4: Found <S**2>: 2.0000
2025-05-19 13:31:03 [DEBUG] calcflow: State 4: Inferred Triplet from <S**2> ~ 2
2025-05-19 13:31:03 [DEBUG] calcflow: Property scan for state 4 ended; found next state/block end. Pushing back: 'Excited state   5: excitation energy (eV) =       9.2974'
2025-05-19 13:31:03 [DEBUG] calcflow: Parsing properties for TDA State 5 (line ~30)
2025-05-19 13:31:03 [DEBUG] calcflow: State 5: Found <S**2>: -0.0000
2025-05-19 13:31:03 [DEBUG] calcflow: State 5: Inferred Singlet from <S**2> ~ 0
2025-05-19 13:31:03 [DEBUG] calcflow: Property scan for state 5 ended; found next state/block end. Pushing back: 'Excited state   6: excitation energy (eV) =       9.8215'
2025-05-19 13:31:03 [DEBUG] calcflow: Parsing properties for TDA State 6 (line ~37)
2025-05-19 13:31:03 [DEBUG] calcflow: State 6: Found <S**2>: -0.0000
2025-05-19 13:31:03 [DEBUG] calcflow: State 6: Inferred Singlet from <S**2> ~ 0
2025-05-19 13:31:03 [DEBUG] calcflow: Property scan for state 6 ended; found next state/block end. Pushing back: 'Excited state   7: excitation energy (eV) =      11.0057'
2025-05-19 13:31:03 [DEBUG] calcflow: Parsing properties for TDA State 7 (line ~44)
2025-05-19 13:31:03 [DEBUG] calcflow: State 7: Found <S**2>: 2.0000
2025-05-19 13:31:03 [DEBUG] calcflow: State 7: Inferred Triplet from <S**2> ~ 2
2025-05-19 13:31:03 [DEBUG] calcflow: Property scan for state 7 ended; found next state/block end. Pushing back: 'Excited state   8: excitation energy (eV) =      11.5796'
2025-05-19 13:31:03 [DEBUG] calcflow: Parsing properties for TDA State 8 (line ~51)
2025-05-19 13:31:03 [DEBUG] calcflow: State 8: Found <S**2>: -0.0000
2025-05-19 13:31:03 [DEBUG] calcflow: State 8: Inferred Singlet from <S**2> ~ 0
2025-05-19 13:31:03 [DEBUG] calcflow: Property scan for state 8 ended; found next state/block end. Pushing back: 'Excited state   9: excitation energy (eV) =      12.7523'
2025-05-19 13:31:03 [DEBUG] calcflow: Parsing properties for TDA State 9 (line ~58)
2025-05-19 13:31:03 [DEBUG] calcflow: State 9: Found <S**2>: 2.0000
2025-05-19 13:31:03 [DEBUG] calcflow: State 9: Inferred Triplet from <S**2> ~ 2
2025-05-19 13:31:03 [DEBUG] calcflow: Property scan for state 9 ended; found next state/block end. Pushing back: 'Excited state  10: excitation energy (eV) =      13.4640'
2025-05-19 13:31:03 [DEBUG] calcflow: Parsing properties for TDA State 10 (line ~65)
2025-05-19 13:31:03 [DEBUG] calcflow: State 10: Found <S**2>: -0.0000
2025-05-19 13:31:03 [DEBUG] calcflow: State 10: Inferred Singlet from <S**2> ~ 0
2025-05-19 13:31:03 [DEBUG] calcflow: Property scan for state 10 ended; found next state/block end. Pushing back: '---------------------------------------------------'
2025-05-19 13:31:03 [DEBUG] calcflow: Found end of TDA excitation data block at relative line ~72.
2025-05-19 13:31:03 [INFO] calcflow: Successfully parsed 10 states from TDA block.
2025-05-19 13:31:03 [INFO] calcflow: Core dispatch: TDAExcitationEnergiesParser .parse() completed.
2025-05-19 13:31:03 [INFO] calcflow: Core dispatch: Line 184 ('TDDFT Excitation Energies') MATCHED by TDDFTExcitationEnergiesParser. Calling .parse().
2025-05-19 13:31:03 [DEBUG] calcflow: Starting parsing of TDDFT excitation energies block header: TDDFT Excitation Energies
2025-05-19 13:31:03 [DEBUG] calcflow: Consumed separator line for TDDFT: ---------------------------------------------------
2025-05-19 13:31:03 [DEBUG] calcflow: Parsing properties for TDDFT State 1 (line ~2)
2025-05-19 13:31:03 [DEBUG] calcflow: Property scan for state 1 ended; found next state/block end. Pushing back: 'Excited state   2: excitation energy (eV) =        7.5725'
2025-05-19 13:31:03 [DEBUG] calcflow: Parsing properties for TDDFT State 2 (line ~8)
2025-05-19 13:31:03 [DEBUG] calcflow: Property scan for state 2 ended; found next state/block end. Pushing back: 'Excited state   3: excitation energy (eV) =        9.0177'
2025-05-19 13:31:03 [DEBUG] calcflow: Parsing properties for TDDFT State 3 (line ~14)
2025-05-19 13:31:03 [DEBUG] calcflow: Property scan for state 3 ended; found next state/block end. Pushing back: 'Excited state   4: excitation energy (eV) =        9.1931'
2025-05-19 13:31:03 [DEBUG] calcflow: Parsing properties for TDDFT State 4 (line ~20)
2025-05-19 13:31:03 [DEBUG] calcflow: Property scan for state 4 ended; found next state/block end. Pushing back: 'Excited state   5: excitation energy (eV) =        9.2908'
2025-05-19 13:31:03 [DEBUG] calcflow: Parsing properties for TDDFT State 5 (line ~26)
2025-05-19 13:31:03 [DEBUG] calcflow: Property scan for state 5 ended; found next state/block end. Pushing back: 'Excited state   6: excitation energy (eV) =        9.7830'
2025-05-19 13:31:03 [DEBUG] calcflow: Parsing properties for TDDFT State 6 (line ~32)
2025-05-19 13:31:03 [DEBUG] calcflow: Property scan for state 6 ended; found next state/block end. Pushing back: 'Excited state   7: excitation energy (eV) =       10.9639'
2025-05-19 13:31:03 [DEBUG] calcflow: Parsing properties for TDDFT State 7 (line ~38)
2025-05-19 13:31:03 [DEBUG] calcflow: Property scan for state 7 ended; found next state/block end. Pushing back: 'Excited state   8: excitation energy (eV) =       11.5480'
2025-05-19 13:31:03 [DEBUG] calcflow: Parsing properties for TDDFT State 8 (line ~46)
2025-05-19 13:31:03 [DEBUG] calcflow: Property scan for state 8 ended; found next state/block end. Pushing back: 'Excited state   9: excitation energy (eV) =       12.7129'
2025-05-19 13:31:03 [DEBUG] calcflow: Parsing properties for TDDFT State 9 (line ~52)
2025-05-19 13:31:03 [DEBUG] calcflow: Property scan for state 9 ended; found next state/block end. Pushing back: 'Excited state  10: excitation energy (eV) =       13.4375'
2025-05-19 13:31:03 [DEBUG] calcflow: Parsing properties for TDDFT State 10 (line ~58)
2025-05-19 13:31:03 [DEBUG] calcflow: Property scan for state 10 ended; found next state/block end. Pushing back: '---------------------------------------------------'
2025-05-19 13:31:03 [DEBUG] calcflow: Found end of TDDFT excitation data block at relative line ~64.
2025-05-19 13:31:03 [INFO] calcflow: Successfully parsed 10 states from TDDFT block.
2025-05-19 13:31:03 [INFO] calcflow: Core dispatch: TDDFTExcitationEnergiesParser .parse() completed.
2025-05-19 13:31:03 [INFO] calcflow: Core dispatch: Line 194 ('Ground State (Reference) :') MATCHED by GroundStateReferenceParser. Calling .parse().
2025-05-19 13:31:03 [DEBUG] calcflow: Starting parsing of Ground State (Reference) block.
2025-05-19 13:31:03 [DEBUG] calcflow: Parsing NO data for type: alpha, starting with header: 'NOs (alpha)'
2025-05-19 13:31:03 [DEBUG] calcflow: NOs (alpha): Found frontier occupation label: 'Occupation of frontier NOs:'
2025-05-19 13:31:03 [DEBUG] calcflow: NOs (alpha): Found frontier_occ values: [0.0, 1.0]
2025-05-19 13:31:03 [DEBUG] calcflow: NOs (alpha): Found num_e: 5.0
2025-05-19 13:31:03 [DEBUG] calcflow: NOs (alpha): Found next section header: 'NOs (beta)'. End of NO block.
2025-05-19 13:31:03 [DEBUG] calcflow: Parsing NO data for type: beta, starting with header: 'NOs (beta)'
2025-05-19 13:31:03 [DEBUG] calcflow: NOs (beta): Found frontier occupation label: 'Occupation of frontier NOs:'
2025-05-19 13:31:03 [DEBUG] calcflow: NOs (beta): Found frontier_occ values: [0.0, 1.0]
2025-05-19 13:31:03 [DEBUG] calcflow: NOs (beta): Found num_e: 5.0
2025-05-19 13:31:03 [DEBUG] calcflow: NOs (beta): Found next section header: 'NOs (spin-traced)'. End of NO block.
2025-05-19 13:31:03 [DEBUG] calcflow: Parsing NO data for type: spin-traced, starting with header: 'NOs (spin-traced)'
2025-05-19 13:31:03 [DEBUG] calcflow: NOs (spin-traced): Found frontier occupation label: 'Occupation of frontier NOs:'
2025-05-19 13:31:03 [DEBUG] calcflow: NOs (spin-traced): Found frontier_occ values: [0.0, 2.0]
2025-05-19 13:31:03 [DEBUG] calcflow: NOs (spin-traced): Found num_e: 10.0
2025-05-19 13:31:03 [DEBUG] calcflow: NOs (spin-traced): Found unpaired e: nu=-0.0, nunl=0.0
2025-05-19 13:31:03 [DEBUG] calcflow: NOs (spin-traced): Found separator/blank line: ''. End of NO block.
2025-05-19 13:31:03 [DEBUG] calcflow: Parsing Mulliken GS State DM, starting with header: 'Mulliken Population Analysis (State DM)'
2025-05-19 13:31:03 [DEBUG] calcflow: Mulliken GS: Consumed column header: 'Atom      Charge (e)        Spin (e)'
2025-05-19 13:31:03 [DEBUG] calcflow: Mulliken GS: Detected spin column: True
2025-05-19 13:31:03 [DEBUG] calcflow: Mulliken GS: Consumed separator line: '------------------------------------'
2025-05-19 13:31:03 [DEBUG] calcflow: Mulliken GS: Processing atom line candidate (1): '1 H        0.230554        0.000000'
2025-05-19 13:31:03 [DEBUG] calcflow: Mulliken GS: Parsed atom 1 H Charge=0.230554 Spin=0.0
2025-05-19 13:31:03 [DEBUG] calcflow: Mulliken GS: Processing atom line candidate (2): '2 O       -0.460460        0.000000'
2025-05-19 13:31:03 [DEBUG] calcflow: Mulliken GS: Parsed atom 2 O Charge=-0.46046 Spin=0.0
2025-05-19 13:31:03 [DEBUG] calcflow: Mulliken GS: Processing atom line candidate (3): '3 H        0.229906        0.000000'
2025-05-19 13:31:03 [DEBUG] calcflow: Mulliken GS: Parsed atom 3 H Charge=0.229906 Spin=0.0
2025-05-19 13:31:03 [DEBUG] calcflow: Mulliken GS: Processing atom line candidate (4): '------------------------------------'
2025-05-19 13:31:03 [DEBUG] calcflow: Mulliken GS: Encountered blank/separator line: '------------------------------------'. Continuing.
2025-05-19 13:31:03 [DEBUG] calcflow: Mulliken GS: Processing atom line candidate (5): 'Sum:       -0.000000        0.000000'
2025-05-19 13:31:03 [DEBUG] calcflow: Mulliken GS: Found sum line: 'Sum:       -0.000000        0.000000'. End of atom data.
2025-05-19 13:31:03 [DEBUG] calcflow: Successfully parsed multipole data: Dipole total = 2.015379, RMS_XYZ = (0.451777, 0.403206, 0.437437)
2025-05-19 13:31:03 [DEBUG] calcflow: Found '^\s*Analysis of Unrelaxed Density Matrices\s*$' header; current GS Ref section ends. Buffering line.
2025-05-19 13:31:03 [INFO] calcflow: Stored Ground State Reference analysis data.
2025-05-19 13:31:03 [DEBUG] calcflow: Finished parsing Ground State (Reference) block.
2025-05-19 13:31:03 [INFO] calcflow: Core dispatch: GroundStateReferenceParser .parse() completed.
2025-05-19 13:31:03 [INFO] calcflow: Core dispatch: Line 194 ('Analysis of Unrelaxed Density Matrices') MATCHED by UnrelaxedExcitedStatePropertiesParser. Calling .parse().
2025-05-19 13:31:03 [INFO] calcflow: Parsing section: Analysis of Unrelaxed Density Matrices
2025-05-19 13:31:03 [DEBUG] calcflow: Parsing new state: Excited State 1
2025-05-19 13:31:03 [DEBUG] calcflow: Skipping non-target NOs block: 'NOs (alpha)' for state 1 (fallback)
2025-05-19 13:31:03 [DEBUG] calcflow: Skipping current sub-block.
2025-05-19 13:31:03 [DEBUG] calcflow: Skipping line: 'Occupation of frontier NOs:...'
2025-05-19 13:31:03 [DEBUG] calcflow: Skipping line: '0.4996   0.5003...'
2025-05-19 13:31:03 [DEBUG] calcflow: Skipping line: 'Number of electrons:  5.000000...'
2025-05-19 13:31:03 [DEBUG] calcflow: Skipped until next known sub-header: 'NOs (beta)'
2025-05-19 13:31:03 [DEBUG] calcflow: Skipping non-target NOs block: 'NOs (beta)' for state 1 (fallback)
2025-05-19 13:31:03 [DEBUG] calcflow: Skipping current sub-block.
2025-05-19 13:31:03 [DEBUG] calcflow: Skipping line: 'Occupation of frontier NOs:...'
2025-05-19 13:31:03 [DEBUG] calcflow: Skipping line: '0.4996   0.5003...'
2025-05-19 13:31:03 [DEBUG] calcflow: Skipping line: 'Number of electrons:  5.000000...'
2025-05-19 13:31:03 [DEBUG] calcflow: Skipped until next known sub-header: 'NOs (spin-traced)'
2025-05-19 13:31:03 [DEBUG] calcflow: Parsing target NOs data for state 1, header: 'NOs (spin-traced)'
2025-05-19 13:31:03 [DEBUG] calcflow: Parsing Mulliken for state 1
2025-05-19 13:31:03 [DEBUG] calcflow: Detected UKS Mulliken format.
2025-05-19 13:31:03 [DEBUG] calcflow: Parsing Multipole for state 1
2025-05-19 13:31:03 [DEBUG] calcflow: Parsing Exciton for state 1
2025-05-19 13:31:03 [DEBUG] calcflow: UKS Exciton: Parsing 'Total:' block
2025-05-19 13:31:03 [DEBUG] calcflow: Skipping blank line in exciton analysis block: ''
2025-05-19 13:31:03 [DEBUG] calcflow: UKS Exciton: Parsing 'Alpha spin:' block
2025-05-19 13:31:03 [DEBUG] calcflow: Skipping blank line in exciton analysis block: ''
2025-05-19 13:31:03 [DEBUG] calcflow: UKS Exciton: Parsing 'Beta spin:' block
2025-05-19 13:31:03 [DEBUG] calcflow: Skipping blank line in exciton analysis block: ''
2025-05-19 13:31:03 [DEBUG] calcflow: Stored state 1. New state found.
2025-05-19 13:31:03 [DEBUG] calcflow: Parsing new state: Excited State 2
2025-05-19 13:31:03 [DEBUG] calcflow: Skipping non-target NOs block: 'NOs (alpha)' for state 2 (fallback)
2025-05-19 13:31:03 [DEBUG] calcflow: Skipping current sub-block.
2025-05-19 13:31:03 [DEBUG] calcflow: Skipping line: 'Occupation of frontier NOs:...'
2025-05-19 13:31:03 [DEBUG] calcflow: Skipping line: '0.4996   0.5003...'
2025-05-19 13:31:03 [DEBUG] calcflow: Skipping line: 'Number of electrons:  5.000000...'
2025-05-19 13:31:03 [DEBUG] calcflow: Skipped until next known sub-header: 'NOs (beta)'
2025-05-19 13:31:03 [DEBUG] calcflow: Skipping non-target NOs block: 'NOs (beta)' for state 2 (fallback)
2025-05-19 13:31:03 [DEBUG] calcflow: Skipping current sub-block.
2025-05-19 13:31:03 [DEBUG] calcflow: Skipping line: 'Occupation of frontier NOs:...'
2025-05-19 13:31:03 [DEBUG] calcflow: Skipping line: '0.4996   0.5003...'
2025-05-19 13:31:03 [DEBUG] calcflow: Skipping line: 'Number of electrons:  5.000000...'
2025-05-19 13:31:03 [DEBUG] calcflow: Skipped until next known sub-header: 'NOs (spin-traced)'
2025-05-19 13:31:03 [DEBUG] calcflow: Parsing target NOs data for state 2, header: 'NOs (spin-traced)'
2025-05-19 13:31:03 [DEBUG] calcflow: Parsing Mulliken for state 2
2025-05-19 13:31:03 [DEBUG] calcflow: Detected UKS Mulliken format.
2025-05-19 13:31:03 [DEBUG] calcflow: Parsing Multipole for state 2
2025-05-19 13:31:03 [DEBUG] calcflow: Parsing Exciton for state 2
2025-05-19 13:31:03 [DEBUG] calcflow: UKS Exciton: Parsing 'Total:' block
2025-05-19 13:31:03 [DEBUG] calcflow: Skipping blank line in exciton analysis block: ''
2025-05-19 13:31:03 [DEBUG] calcflow: UKS Exciton: Parsing 'Alpha spin:' block
2025-05-19 13:31:03 [DEBUG] calcflow: Skipping blank line in exciton analysis block: ''
2025-05-19 13:31:03 [DEBUG] calcflow: UKS Exciton: Parsing 'Beta spin:' block
2025-05-19 13:31:03 [DEBUG] calcflow: Skipping blank line in exciton analysis block: ''
2025-05-19 13:31:03 [DEBUG] calcflow: Stored state 2. New state found.
2025-05-19 13:31:03 [DEBUG] calcflow: Parsing new state: Excited State 3
2025-05-19 13:31:03 [DEBUG] calcflow: Skipping non-target NOs block: 'NOs (alpha)' for state 3 (fallback)
2025-05-19 13:31:03 [DEBUG] calcflow: Skipping current sub-block.
2025-05-19 13:31:03 [DEBUG] calcflow: Skipping line: 'Occupation of frontier NOs:...'
2025-05-19 13:31:03 [DEBUG] calcflow: Skipping line: '0.4998   0.5001...'
2025-05-19 13:31:03 [DEBUG] calcflow: Skipping line: 'Number of electrons:  5.000000...'
2025-05-19 13:31:03 [DEBUG] calcflow: Skipped until next known sub-header: 'NOs (beta)'
2025-05-19 13:31:03 [DEBUG] calcflow: Skipping non-target NOs block: 'NOs (beta)' for state 3 (fallback)
2025-05-19 13:31:03 [DEBUG] calcflow: Skipping current sub-block.
2025-05-19 13:31:03 [DEBUG] calcflow: Skipping line: 'Occupation of frontier NOs:...'
2025-05-19 13:31:03 [DEBUG] calcflow: Skipping line: '0.4998   0.5001...'
2025-05-19 13:31:03 [DEBUG] calcflow: Skipping line: 'Number of electrons:  5.000000...'
2025-05-19 13:31:03 [DEBUG] calcflow: Skipped until next known sub-header: 'NOs (spin-traced)'
2025-05-19 13:31:03 [DEBUG] calcflow: Parsing target NOs data for state 3, header: 'NOs (spin-traced)'
2025-05-19 13:31:03 [DEBUG] calcflow: Parsing Mulliken for state 3
2025-05-19 13:31:03 [DEBUG] calcflow: Detected UKS Mulliken format.
2025-05-19 13:31:03 [DEBUG] calcflow: Parsing Multipole for state 3
2025-05-19 13:31:03 [DEBUG] calcflow: Parsing Exciton for state 3
2025-05-19 13:31:03 [DEBUG] calcflow: UKS Exciton: Parsing 'Total:' block
2025-05-19 13:31:03 [DEBUG] calcflow: Skipping blank line in exciton analysis block: ''
2025-05-19 13:31:03 [DEBUG] calcflow: UKS Exciton: Parsing 'Alpha spin:' block
2025-05-19 13:31:03 [DEBUG] calcflow: Skipping blank line in exciton analysis block: ''
2025-05-19 13:31:03 [DEBUG] calcflow: UKS Exciton: Parsing 'Beta spin:' block
2025-05-19 13:31:03 [DEBUG] calcflow: Skipping blank line in exciton analysis block: ''
2025-05-19 13:31:03 [DEBUG] calcflow: Stored state 3. New state found.
2025-05-19 13:31:03 [DEBUG] calcflow: Parsing new state: Excited State 4
2025-05-19 13:31:03 [DEBUG] calcflow: Skipping non-target NOs block: 'NOs (alpha)' for state 4 (fallback)
2025-05-19 13:31:03 [DEBUG] calcflow: Skipping current sub-block.
2025-05-19 13:31:03 [DEBUG] calcflow: Skipping line: 'Occupation of frontier NOs:...'
2025-05-19 13:31:03 [DEBUG] calcflow: Skipping line: '0.4992   0.5007...'
2025-05-19 13:31:03 [DEBUG] calcflow: Skipping line: 'Number of electrons:  5.000000...'
2025-05-19 13:31:03 [DEBUG] calcflow: Skipped until next known sub-header: 'NOs (beta)'
2025-05-19 13:31:03 [DEBUG] calcflow: Skipping non-target NOs block: 'NOs (beta)' for state 4 (fallback)
2025-05-19 13:31:03 [DEBUG] calcflow: Skipping current sub-block.
2025-05-19 13:31:03 [DEBUG] calcflow: Skipping line: 'Occupation of frontier NOs:...'
2025-05-19 13:31:03 [DEBUG] calcflow: Skipping line: '0.4992   0.5007...'
2025-05-19 13:31:03 [DEBUG] calcflow: Skipping line: 'Number of electrons:  5.000000...'
2025-05-19 13:31:03 [DEBUG] calcflow: Skipped until next known sub-header: 'NOs (spin-traced)'
2025-05-19 13:31:03 [DEBUG] calcflow: Parsing target NOs data for state 4, header: 'NOs (spin-traced)'
2025-05-19 13:31:03 [DEBUG] calcflow: Parsing Mulliken for state 4
2025-05-19 13:31:03 [DEBUG] calcflow: Detected UKS Mulliken format.
2025-05-19 13:31:03 [DEBUG] calcflow: Parsing Multipole for state 4
2025-05-19 13:31:03 [DEBUG] calcflow: Parsing Exciton for state 4
2025-05-19 13:31:03 [DEBUG] calcflow: UKS Exciton: Parsing 'Total:' block
2025-05-19 13:31:03 [DEBUG] calcflow: Skipping blank line in exciton analysis block: ''
2025-05-19 13:31:03 [DEBUG] calcflow: UKS Exciton: Parsing 'Alpha spin:' block
2025-05-19 13:31:03 [DEBUG] calcflow: Skipping blank line in exciton analysis block: ''
2025-05-19 13:31:03 [DEBUG] calcflow: UKS Exciton: Parsing 'Beta spin:' block
2025-05-19 13:31:03 [DEBUG] calcflow: Skipping blank line in exciton analysis block: ''
2025-05-19 13:31:03 [DEBUG] calcflow: Stored state 4. New state found.
2025-05-19 13:31:03 [DEBUG] calcflow: Parsing new state: Excited State 5
2025-05-19 13:31:03 [DEBUG] calcflow: Skipping non-target NOs block: 'NOs (alpha)' for state 5 (fallback)
2025-05-19 13:31:03 [DEBUG] calcflow: Skipping current sub-block.
2025-05-19 13:31:03 [DEBUG] calcflow: Skipping line: 'Occupation of frontier NOs:...'
2025-05-19 13:31:03 [DEBUG] calcflow: Skipping line: '0.4999   0.5000...'
2025-05-19 13:31:03 [DEBUG] calcflow: Skipping line: 'Number of electrons:  5.000000...'
2025-05-19 13:31:03 [DEBUG] calcflow: Skipped until next known sub-header: 'NOs (beta)'
2025-05-19 13:31:03 [DEBUG] calcflow: Skipping non-target NOs block: 'NOs (beta)' for state 5 (fallback)
2025-05-19 13:31:03 [DEBUG] calcflow: Skipping current sub-block.
2025-05-19 13:31:03 [DEBUG] calcflow: Skipping line: 'Occupation of frontier NOs:...'
2025-05-19 13:31:03 [DEBUG] calcflow: Skipping line: '0.4999   0.5000...'
2025-05-19 13:31:03 [DEBUG] calcflow: Skipping line: 'Number of electrons:  5.000000...'
2025-05-19 13:31:03 [DEBUG] calcflow: Skipped until next known sub-header: 'NOs (spin-traced)'
2025-05-19 13:31:03 [DEBUG] calcflow: Parsing target NOs data for state 5, header: 'NOs (spin-traced)'
2025-05-19 13:31:03 [DEBUG] calcflow: Parsing Mulliken for state 5
2025-05-19 13:31:03 [DEBUG] calcflow: Detected UKS Mulliken format.
2025-05-19 13:31:03 [DEBUG] calcflow: Parsing Multipole for state 5
2025-05-19 13:31:03 [DEBUG] calcflow: Parsing Exciton for state 5
2025-05-19 13:31:03 [DEBUG] calcflow: UKS Exciton: Parsing 'Total:' block
2025-05-19 13:31:03 [DEBUG] calcflow: Skipping blank line in exciton analysis block: ''
2025-05-19 13:31:03 [DEBUG] calcflow: UKS Exciton: Parsing 'Alpha spin:' block
2025-05-19 13:31:03 [DEBUG] calcflow: Skipping blank line in exciton analysis block: ''
2025-05-19 13:31:03 [DEBUG] calcflow: UKS Exciton: Parsing 'Beta spin:' block
2025-05-19 13:31:03 [DEBUG] calcflow: Skipping blank line in exciton analysis block: ''
2025-05-19 13:31:03 [DEBUG] calcflow: Stored state 5. New state found.
2025-05-19 13:31:03 [DEBUG] calcflow: Parsing new state: Excited State 6
2025-05-19 13:31:03 [DEBUG] calcflow: Skipping non-target NOs block: 'NOs (alpha)' for state 6 (fallback)
2025-05-19 13:31:03 [DEBUG] calcflow: Skipping current sub-block.
2025-05-19 13:31:03 [DEBUG] calcflow: Skipping line: 'Occupation of frontier NOs:...'
2025-05-19 13:31:03 [DEBUG] calcflow: Skipping line: '0.4969   0.5031...'
2025-05-19 13:31:03 [DEBUG] calcflow: Skipping line: 'Number of electrons:  5.000000...'
2025-05-19 13:31:03 [DEBUG] calcflow: Skipped until next known sub-header: 'NOs (beta)'
2025-05-19 13:31:03 [DEBUG] calcflow: Skipping non-target NOs block: 'NOs (beta)' for state 6 (fallback)
2025-05-19 13:31:03 [DEBUG] calcflow: Skipping current sub-block.
2025-05-19 13:31:03 [DEBUG] calcflow: Skipping line: 'Occupation of frontier NOs:...'
2025-05-19 13:31:03 [DEBUG] calcflow: Skipping line: '0.4969   0.5031...'
2025-05-19 13:31:03 [DEBUG] calcflow: Skipping line: 'Number of electrons:  5.000000...'
2025-05-19 13:31:03 [DEBUG] calcflow: Skipped until next known sub-header: 'NOs (spin-traced)'
2025-05-19 13:31:03 [DEBUG] calcflow: Parsing target NOs data for state 6, header: 'NOs (spin-traced)'
2025-05-19 13:31:03 [DEBUG] calcflow: Parsing Mulliken for state 6
2025-05-19 13:31:03 [DEBUG] calcflow: Detected UKS Mulliken format.
2025-05-19 13:31:03 [DEBUG] calcflow: Parsing Multipole for state 6
2025-05-19 13:31:03 [DEBUG] calcflow: Parsing Exciton for state 6
2025-05-19 13:31:03 [DEBUG] calcflow: UKS Exciton: Parsing 'Total:' block
2025-05-19 13:31:03 [DEBUG] calcflow: Skipping blank line in exciton analysis block: ''
2025-05-19 13:31:03 [DEBUG] calcflow: UKS Exciton: Parsing 'Alpha spin:' block
2025-05-19 13:31:03 [DEBUG] calcflow: Skipping blank line in exciton analysis block: ''
2025-05-19 13:31:03 [DEBUG] calcflow: UKS Exciton: Parsing 'Beta spin:' block
2025-05-19 13:31:03 [DEBUG] calcflow: Skipping blank line in exciton analysis block: ''
2025-05-19 13:31:03 [DEBUG] calcflow: Stored state 6. New state found.
2025-05-19 13:31:03 [DEBUG] calcflow: Parsing new state: Excited State 7
2025-05-19 13:31:03 [DEBUG] calcflow: Skipping non-target NOs block: 'NOs (alpha)' for state 7 (fallback)
2025-05-19 13:31:03 [DEBUG] calcflow: Skipping current sub-block.
2025-05-19 13:31:03 [DEBUG] calcflow: Skipping line: 'Occupation of frontier NOs:...'
2025-05-19 13:31:03 [DEBUG] calcflow: Skipping line: '0.4902   0.5097...'
2025-05-19 13:31:03 [DEBUG] calcflow: Skipping line: 'Number of electrons:  5.000000...'
2025-05-19 13:31:03 [DEBUG] calcflow: Skipped until next known sub-header: 'NOs (beta)'
2025-05-19 13:31:03 [DEBUG] calcflow: Skipping non-target NOs block: 'NOs (beta)' for state 7 (fallback)
2025-05-19 13:31:03 [DEBUG] calcflow: Skipping current sub-block.
2025-05-19 13:31:03 [DEBUG] calcflow: Skipping line: 'Occupation of frontier NOs:...'
2025-05-19 13:31:03 [DEBUG] calcflow: Skipping line: '0.4902   0.5097...'
2025-05-19 13:31:03 [DEBUG] calcflow: Skipping line: 'Number of electrons:  5.000000...'
2025-05-19 13:31:03 [DEBUG] calcflow: Skipped until next known sub-header: 'NOs (spin-traced)'
2025-05-19 13:31:03 [DEBUG] calcflow: Parsing target NOs data for state 7, header: 'NOs (spin-traced)'
2025-05-19 13:31:03 [DEBUG] calcflow: Parsing Mulliken for state 7
2025-05-19 13:31:03 [DEBUG] calcflow: Detected UKS Mulliken format.
2025-05-19 13:31:03 [DEBUG] calcflow: Parsing Multipole for state 7
2025-05-19 13:31:03 [DEBUG] calcflow: Parsing Exciton for state 7
2025-05-19 13:31:03 [DEBUG] calcflow: UKS Exciton: Parsing 'Total:' block
2025-05-19 13:31:03 [DEBUG] calcflow: Skipping blank line in exciton analysis block: ''
2025-05-19 13:31:03 [DEBUG] calcflow: UKS Exciton: Parsing 'Alpha spin:' block
2025-05-19 13:31:03 [DEBUG] calcflow: Skipping blank line in exciton analysis block: ''
2025-05-19 13:31:03 [DEBUG] calcflow: UKS Exciton: Parsing 'Beta spin:' block
2025-05-19 13:31:03 [DEBUG] calcflow: Skipping blank line in exciton analysis block: ''
2025-05-19 13:31:03 [DEBUG] calcflow: Stored state 7. New state found.
2025-05-19 13:31:03 [DEBUG] calcflow: Parsing new state: Excited State 8
2025-05-19 13:31:03 [DEBUG] calcflow: Skipping non-target NOs block: 'NOs (alpha)' for state 8 (fallback)
2025-05-19 13:31:03 [DEBUG] calcflow: Skipping current sub-block.
2025-05-19 13:31:03 [DEBUG] calcflow: Skipping line: 'Occupation of frontier NOs:...'
2025-05-19 13:31:03 [DEBUG] calcflow: Skipping line: '0.4991   0.5008...'
2025-05-19 13:31:03 [DEBUG] calcflow: Skipping line: 'Number of electrons:  5.000000...'
2025-05-19 13:31:03 [DEBUG] calcflow: Skipped until next known sub-header: 'NOs (beta)'
2025-05-19 13:31:03 [DEBUG] calcflow: Skipping non-target NOs block: 'NOs (beta)' for state 8 (fallback)
2025-05-19 13:31:03 [DEBUG] calcflow: Skipping current sub-block.
2025-05-19 13:31:03 [DEBUG] calcflow: Skipping line: 'Occupation of frontier NOs:...'
2025-05-19 13:31:03 [DEBUG] calcflow: Skipping line: '0.4991   0.5008...'
2025-05-19 13:31:03 [DEBUG] calcflow: Skipping line: 'Number of electrons:  5.000000...'
2025-05-19 13:31:03 [DEBUG] calcflow: Skipped until next known sub-header: 'NOs (spin-traced)'
2025-05-19 13:31:03 [DEBUG] calcflow: Parsing target NOs data for state 8, header: 'NOs (spin-traced)'
2025-05-19 13:31:03 [DEBUG] calcflow: Parsing Mulliken for state 8
2025-05-19 13:31:03 [DEBUG] calcflow: Detected UKS Mulliken format.
2025-05-19 13:31:03 [DEBUG] calcflow: Parsing Multipole for state 8
2025-05-19 13:31:03 [DEBUG] calcflow: Parsing Exciton for state 8
2025-05-19 13:31:03 [DEBUG] calcflow: UKS Exciton: Parsing 'Total:' block
2025-05-19 13:31:03 [DEBUG] calcflow: Skipping blank line in exciton analysis block: ''
2025-05-19 13:31:03 [DEBUG] calcflow: UKS Exciton: Parsing 'Alpha spin:' block
2025-05-19 13:31:03 [DEBUG] calcflow: Skipping blank line in exciton analysis block: ''
2025-05-19 13:31:03 [DEBUG] calcflow: UKS Exciton: Parsing 'Beta spin:' block
2025-05-19 13:31:03 [DEBUG] calcflow: Skipping blank line in exciton analysis block: ''
2025-05-19 13:31:03 [DEBUG] calcflow: Stored state 8. New state found.
2025-05-19 13:31:03 [DEBUG] calcflow: Parsing new state: Excited State 9
2025-05-19 13:31:03 [DEBUG] calcflow: Skipping non-target NOs block: 'NOs (alpha)' for state 9 (fallback)
2025-05-19 13:31:03 [DEBUG] calcflow: Skipping current sub-block.
2025-05-19 13:31:03 [DEBUG] calcflow: Skipping line: 'Occupation of frontier NOs:...'
2025-05-19 13:31:03 [DEBUG] calcflow: Skipping line: '0.4878   0.5121...'
2025-05-19 13:31:03 [DEBUG] calcflow: Skipping line: 'Number of electrons:  5.000000...'
2025-05-19 13:31:03 [DEBUG] calcflow: Skipped until next known sub-header: 'NOs (beta)'
2025-05-19 13:31:03 [DEBUG] calcflow: Skipping non-target NOs block: 'NOs (beta)' for state 9 (fallback)
2025-05-19 13:31:03 [DEBUG] calcflow: Skipping current sub-block.
2025-05-19 13:31:03 [DEBUG] calcflow: Skipping line: 'Occupation of frontier NOs:...'
2025-05-19 13:31:03 [DEBUG] calcflow: Skipping line: '0.4878   0.5121...'
2025-05-19 13:31:03 [DEBUG] calcflow: Skipping line: 'Number of electrons:  5.000000...'
2025-05-19 13:31:03 [DEBUG] calcflow: Skipped until next known sub-header: 'NOs (spin-traced)'
2025-05-19 13:31:03 [DEBUG] calcflow: Parsing target NOs data for state 9, header: 'NOs (spin-traced)'
2025-05-19 13:31:03 [DEBUG] calcflow: Parsing Mulliken for state 9
2025-05-19 13:31:03 [DEBUG] calcflow: Detected UKS Mulliken format.
2025-05-19 13:31:03 [DEBUG] calcflow: Parsing Multipole for state 9
2025-05-19 13:31:03 [DEBUG] calcflow: Parsing Exciton for state 9
2025-05-19 13:31:03 [DEBUG] calcflow: UKS Exciton: Parsing 'Total:' block
2025-05-19 13:31:03 [DEBUG] calcflow: Skipping blank line in exciton analysis block: ''
2025-05-19 13:31:03 [DEBUG] calcflow: UKS Exciton: Parsing 'Alpha spin:' block
2025-05-19 13:31:03 [DEBUG] calcflow: Skipping blank line in exciton analysis block: ''
2025-05-19 13:31:03 [DEBUG] calcflow: UKS Exciton: Parsing 'Beta spin:' block
2025-05-19 13:31:03 [DEBUG] calcflow: Skipping blank line in exciton analysis block: ''
2025-05-19 13:31:03 [DEBUG] calcflow: Stored state 9. New state found.
2025-05-19 13:31:03 [DEBUG] calcflow: Parsing new state: Excited State 10
2025-05-19 13:31:03 [DEBUG] calcflow: Skipping non-target NOs block: 'NOs (alpha)' for state 10 (fallback)
2025-05-19 13:31:03 [DEBUG] calcflow: Skipping current sub-block.
2025-05-19 13:31:03 [DEBUG] calcflow: Skipping line: 'Occupation of frontier NOs:...'
2025-05-19 13:31:03 [DEBUG] calcflow: Skipping line: '0.4968   0.5030...'
2025-05-19 13:31:03 [DEBUG] calcflow: Skipping line: 'Number of electrons:  5.000000...'
2025-05-19 13:31:03 [DEBUG] calcflow: Skipped until next known sub-header: 'NOs (beta)'
2025-05-19 13:31:03 [DEBUG] calcflow: Skipping non-target NOs block: 'NOs (beta)' for state 10 (fallback)
2025-05-19 13:31:03 [DEBUG] calcflow: Skipping current sub-block.
2025-05-19 13:31:03 [DEBUG] calcflow: Skipping line: 'Occupation of frontier NOs:...'
2025-05-19 13:31:03 [DEBUG] calcflow: Skipping line: '0.4968   0.5030...'
2025-05-19 13:31:03 [DEBUG] calcflow: Skipping line: 'Number of electrons:  5.000000...'
2025-05-19 13:31:03 [DEBUG] calcflow: Skipped until next known sub-header: 'NOs (spin-traced)'
2025-05-19 13:31:03 [DEBUG] calcflow: Parsing target NOs data for state 10, header: 'NOs (spin-traced)'
2025-05-19 13:31:03 [DEBUG] calcflow: Parsing Mulliken for state 10
2025-05-19 13:31:03 [DEBUG] calcflow: Detected UKS Mulliken format.
2025-05-19 13:31:03 [DEBUG] calcflow: Parsing Multipole for state 10
2025-05-19 13:31:03 [DEBUG] calcflow: Parsing Exciton for state 10
2025-05-19 13:31:03 [DEBUG] calcflow: UKS Exciton: Parsing 'Total:' block
2025-05-19 13:31:03 [DEBUG] calcflow: Skipping blank line in exciton analysis block: ''
2025-05-19 13:31:03 [DEBUG] calcflow: UKS Exciton: Parsing 'Alpha spin:' block
2025-05-19 13:31:03 [DEBUG] calcflow: Skipping blank line in exciton analysis block: ''
2025-05-19 13:31:03 [DEBUG] calcflow: UKS Exciton: Parsing 'Beta spin:' block
2025-05-19 13:31:03 [DEBUG] calcflow: Skipping blank line in exciton analysis block: ''
2025-05-19 13:31:03 [DEBUG] calcflow: Unrecognized line in Exciton analysis, assuming end: '----------------------------------------------------------------------------'
2025-05-19 13:31:03 [DEBUG] calcflow: Added last active state 10 before Transition Density Matrix Analysis.
2025-05-19 13:31:03 [INFO] calcflow: Found 'Transition Density Matrix Analysis'. Stopping parser.
2025-05-19 13:31:03 [INFO] calcflow: Successfully parsed 10 states from 'Analysis of Unrelaxed Density Matrices'.
2025-05-19 13:31:03 [INFO] calcflow: Core dispatch: UnrelaxedExcitedStatePropertiesParser .parse() completed.
2025-05-19 13:31:03 [INFO] calcflow: Core dispatch: Line 194 ('Transition Density Matrix Analysis') MATCHED by TransitionDensityMatrixParser. Calling .parse().
2025-05-19 13:31:03 [DEBUG] calcflow: Starting parsing of Transition Density Matrix Analysis section.
2025-05-19 13:31:03 [DEBUG] calcflow: Parsing TDM for Excited State state 1
2025-05-19 13:31:03 [DEBUG] calcflow: Parsing 'Total:' exciton block (UKS assumption).
2025-05-19 13:31:03 [DEBUG] calcflow: Parsing 'Alpha spin:' exciton block.
2025-05-19 13:31:03 [DEBUG] calcflow: Parsing 'Beta spin:' exciton block.
2025-05-19 13:31:03 [DEBUG] calcflow: Stored TDM Analysis for Excited State state 1
2025-05-19 13:31:03 [DEBUG] calcflow: Parsing TDM for Excited State state 2
2025-05-19 13:31:03 [DEBUG] calcflow: Parsing 'Total:' exciton block (UKS assumption).
2025-05-19 13:31:03 [DEBUG] calcflow: Parsing 'Alpha spin:' exciton block.
2025-05-19 13:31:03 [DEBUG] calcflow: Parsing 'Beta spin:' exciton block.
2025-05-19 13:31:03 [DEBUG] calcflow: Stored TDM Analysis for Excited State state 2
2025-05-19 13:31:03 [DEBUG] calcflow: Parsing TDM for Excited State state 3
2025-05-19 13:31:03 [DEBUG] calcflow: Parsing 'Total:' exciton block (UKS assumption).
2025-05-19 13:31:03 [DEBUG] calcflow: Parsing 'Alpha spin:' exciton block.
[...]
2025-05-19 13:31:03 [DEBUG] calcflow: NTO Parser: Attempting STATE_HEADER_PATTERN match on line: '      H- 0 -> L+ 0:  0.7069 ( 50.0%)'
2025-05-19 13:31:03 [DEBUG] calcflow: NTO Parser: Attempting STATE_HEADER_PATTERN match on line: '                     omega =  50.1%'
2025-05-19 13:31:03 [DEBUG] calcflow: NTO Parser: Attempting STATE_HEADER_PATTERN match on line: '    Beta spin:'
2025-05-19 13:31:03 [DEBUG] calcflow: NTO Parser: Attempting STATE_HEADER_PATTERN match on line: '      H- 0 -> L+ 0:  0.7069 ( 50.0%)'
2025-05-19 13:31:03 [DEBUG] calcflow: NTO Parser: Attempting STATE_HEADER_PATTERN match on line: '                     omega =  50.1%'
2025-05-19 13:31:03 [DEBUG] calcflow: NTO Parser: Attempting STATE_HEADER_PATTERN match on line: ''
2025-05-19 13:31:03 [DEBUG] calcflow: NTO Parser: Attempting STATE_HEADER_PATTERN match on line: '  Excited State 3 :'
2025-05-19 13:31:03 [DEBUG] calcflow: Finalized NTOStateAnalysis: NTOStateAnalysis(state_number=2, multiplicity='Excited State', contributions=(NTOContribution(hole_reference='H', hole_offset=0, electron_reference='L', electron_offset=0, coefficient=0.7069, weight_percent=50.0, is_alpha_spin=True), NTOContribution(hole_reference='H', hole_offset=0, electron_reference='L', electron_offset=0, coefficient=0.7069, weight_percent=50.0, is_alpha_spin=False)), omega_percent=100.2, omega_alpha_percent=50.1, omega_beta_percent=50.1)
2025-05-19 13:31:03 [DEBUG] calcflow: Parsing NTOs for Excited State state 3
2025-05-19 13:31:03 [DEBUG] calcflow: NTO Parser: Attempting STATE_HEADER_PATTERN match on line: '    Decomposition into state-averaged NTOs'
2025-05-19 13:31:03 [DEBUG] calcflow: NTO Parser: Attempting STATE_HEADER_PATTERN match on line: '    Alpha spin:'
2025-05-19 13:31:03 [DEBUG] calcflow: NTO Parser: Attempting STATE_HEADER_PATTERN match on line: '      H- 0 -> L+ 1:  0.7066 ( 49.9%)'
2025-05-19 13:31:03 [DEBUG] calcflow: NTO Parser: Attempting STATE_HEADER_PATTERN match on line: '                     omega =  50.1%'
2025-05-19 13:31:03 [DEBUG] calcflow: NTO Parser: Attempting STATE_HEADER_PATTERN match on line: '    Beta spin:'
2025-05-19 13:31:03 [DEBUG] calcflow: NTO Parser: Attempting STATE_HEADER_PATTERN match on line: '      H- 0 -> L+ 1: -0.7066 ( 49.9%)'
2025-05-19 13:31:03 [DEBUG] calcflow: NTO Parser: Attempting STATE_HEADER_PATTERN match on line: '                     omega =  50.1%'
2025-05-19 13:31:03 [DEBUG] calcflow: NTO Parser: Attempting STATE_HEADER_PATTERN match on line: ''
2025-05-19 13:31:03 [DEBUG] calcflow: NTO Parser: Attempting STATE_HEADER_PATTERN match on line: '  Excited State 4 :'
2025-05-19 13:31:03 [DEBUG] calcflow: Finalized NTOStateAnalysis: NTOStateAnalysis(state_number=3, multiplicity='Excited State', contributions=(NTOContribution(hole_reference='H', hole_offset=0, electron_reference='L', electron_offset=1, coefficient=0.7066, weight_percent=49.9, is_alpha_spin=True), NTOContribution(hole_reference='H', hole_offset=0, electron_reference='L', electron_offset=1, coefficient=-0.7066, weight_percent=49.9, is_alpha_spin=False)), omega_percent=100.2, omega_alpha_percent=50.1, omega_beta_percent=50.1)
2025-05-19 13:31:03 [DEBUG] calcflow: Parsing NTOs for Excited State state 4
2025-05-19 13:31:03 [DEBUG] calcflow: NTO Parser: Attempting STATE_HEADER_PATTERN match on line: '    Decomposition into state-averaged NTOs'
2025-05-19 13:31:03 [DEBUG] calcflow: NTO Parser: Attempting STATE_HEADER_PATTERN match on line: '    Alpha spin:'
2025-05-19 13:31:03 [DEBUG] calcflow: NTO Parser: Attempting STATE_HEADER_PATTERN match on line: '      H- 1 -> L+ 0: -0.7056 ( 49.8%)'
2025-05-19 13:31:03 [DEBUG] calcflow: NTO Parser: Attempting STATE_HEADER_PATTERN match on line: '                     omega =  50.1%'
2025-05-19 13:31:03 [DEBUG] calcflow: NTO Parser: Attempting STATE_HEADER_PATTERN match on line: '    Beta spin:'
2025-05-19 13:31:03 [DEBUG] calcflow: NTO Parser: Attempting STATE_HEADER_PATTERN match on line: '      H- 1 -> L+ 0:  0.7056 ( 49.8%)'
2025-05-19 13:31:03 [DEBUG] calcflow: NTO Parser: Attempting STATE_HEADER_PATTERN match on line: '                     omega =  50.1%'
2025-05-19 13:31:03 [DEBUG] calcflow: NTO Parser: Attempting STATE_HEADER_PATTERN match on line: ''
2025-05-19 13:31:03 [DEBUG] calcflow: NTO Parser: Attempting STATE_HEADER_PATTERN match on line: '  Excited State 5 :'
2025-05-19 13:31:03 [DEBUG] calcflow: Finalized NTOStateAnalysis: NTOStateAnalysis(state_number=4, multiplicity='Excited State', contributions=(NTOContribution(hole_reference='H', hole_offset=-1, electron_reference='L', electron_offset=0, coefficient=-0.7056, weight_percent=49.8, is_alpha_spin=True), NTOContribution(hole_reference='H', hole_offset=-1, electron_reference='L', electron_offset=0, coefficient=0.7056, weight_percent=49.8, is_alpha_spin=False)), omega_percent=100.2, omega_alpha_percent=50.1, omega_beta_percent=50.1)
2025-05-19 13:31:03 [DEBUG] calcflow: Parsing NTOs for Excited State state 5
2025-05-19 13:31:03 [DEBUG] calcflow: NTO Parser: Attempting STATE_HEADER_PATTERN match on line: '    Decomposition into state-averaged NTOs'
2025-05-19 13:31:03 [DEBUG] calcflow: NTO Parser: Attempting STATE_HEADER_PATTERN match on line: '    Alpha spin:'
2025-05-19 13:31:03 [DEBUG] calcflow: NTO Parser: Attempting STATE_HEADER_PATTERN match on line: '      H- 0 -> L+ 1:  0.7070 ( 50.0%)'
2025-05-19 13:31:03 [DEBUG] calcflow: NTO Parser: Attempting STATE_HEADER_PATTERN match on line: '                     omega =  50.0%'
2025-05-19 13:31:03 [DEBUG] calcflow: NTO Parser: Attempting STATE_HEADER_PATTERN match on line: '    Beta spin:'
2025-05-19 13:31:03 [DEBUG] calcflow: NTO Parser: Attempting STATE_HEADER_PATTERN match on line: '      H- 0 -> L+ 1:  0.7070 ( 50.0%)'
2025-05-19 13:31:03 [DEBUG] calcflow: NTO Parser: Attempting STATE_HEADER_PATTERN match on line: '                     omega =  50.0%'
2025-05-19 13:31:03 [DEBUG] calcflow: NTO Parser: Attempting STATE_HEADER_PATTERN match on line: ''
2025-05-19 13:31:03 [DEBUG] calcflow: NTO Parser: Attempting STATE_HEADER_PATTERN match on line: '  Excited State 6 :'
2025-05-19 13:31:03 [DEBUG] calcflow: Finalized NTOStateAnalysis: NTOStateAnalysis(state_number=5, multiplicity='Excited State', contributions=(NTOContribution(hole_reference='H', hole_offset=0, electron_reference='L', electron_offset=1, coefficient=0.707, weight_percent=50.0, is_alpha_spin=True), NTOContribution(hole_reference='H', hole_offset=0, electron_reference='L', electron_offset=1, coefficient=0.707, weight_percent=50.0, is_alpha_spin=False)), omega_percent=100.0, omega_alpha_percent=50.0, omega_beta_percent=50.0)
2025-05-19 13:31:03 [DEBUG] calcflow: Parsing NTOs for Excited State state 6
2025-05-19 13:31:03 [DEBUG] calcflow: NTO Parser: Attempting STATE_HEADER_PATTERN match on line: '    Decomposition into state-averaged NTOs'
2025-05-19 13:31:03 [DEBUG] calcflow: NTO Parser: Attempting STATE_HEADER_PATTERN match on line: '    Alpha spin:'
2025-05-19 13:31:03 [DEBUG] calcflow: NTO Parser: Attempting STATE_HEADER_PATTERN match on line: '      H- 1 -> L+ 0: -0.7031 ( 49.4%)'
2025-05-19 13:31:03 [DEBUG] calcflow: NTO Parser: Attempting STATE_HEADER_PATTERN match on line: '                     omega =  50.1%'
2025-05-19 13:31:03 [DEBUG] calcflow: NTO Parser: Attempting STATE_HEADER_PATTERN match on line: '    Beta spin:'
2025-05-19 13:31:03 [DEBUG] calcflow: NTO Parser: Attempting STATE_HEADER_PATTERN match on line: '      H- 1 -> L+ 0: -0.7031 ( 49.4%)'
2025-05-19 13:31:03 [DEBUG] calcflow: NTO Parser: Attempting STATE_HEADER_PATTERN match on line: '                     omega =  50.1%'
2025-05-19 13:31:03 [DEBUG] calcflow: NTO Parser: Attempting STATE_HEADER_PATTERN match on line: ''
2025-05-19 13:31:03 [DEBUG] calcflow: NTO Parser: Attempting STATE_HEADER_PATTERN match on line: '  Excited State 7 :'
2025-05-19 13:31:03 [DEBUG] calcflow: Finalized NTOStateAnalysis: NTOStateAnalysis(state_number=6, multiplicity='Excited State', contributions=(NTOContribution(hole_reference='H', hole_offset=-1, electron_reference='L', electron_offset=0, coefficient=-0.7031, weight_percent=49.4, is_alpha_spin=True), NTOContribution(hole_reference='H', hole_offset=-1, electron_reference='L', electron_offset=0, coefficient=-0.7031, weight_percent=49.4, is_alpha_spin=False)), omega_percent=100.2, omega_alpha_percent=50.1, omega_beta_percent=50.1)
2025-05-19 13:31:03 [DEBUG] calcflow: Parsing NTOs for Excited State state 7
2025-05-19 13:31:03 [DEBUG] calcflow: NTO Parser: Attempting STATE_HEADER_PATTERN match on line: '    Decomposition into state-averaged NTOs'
2025-05-19 13:31:03 [DEBUG] calcflow: NTO Parser: Attempting STATE_HEADER_PATTERN match on line: '    Alpha spin:'
2025-05-19 13:31:03 [DEBUG] calcflow: NTO Parser: Attempting STATE_HEADER_PATTERN match on line: '      H- 1 -> L+ 1: -0.6983 ( 48.8%)'
2025-05-19 13:31:03 [DEBUG] calcflow: NTO Parser: Attempting STATE_HEADER_PATTERN match on line: '                     omega =  50.1%'
2025-05-19 13:31:03 [DEBUG] calcflow: NTO Parser: Attempting STATE_HEADER_PATTERN match on line: '    Beta spin:'
2025-05-19 13:31:03 [DEBUG] calcflow: NTO Parser: Attempting STATE_HEADER_PATTERN match on line: '      H- 1 -> L+ 1:  0.6983 ( 48.8%)'
2025-05-19 13:31:03 [DEBUG] calcflow: NTO Parser: Attempting STATE_HEADER_PATTERN match on line: '                     omega =  50.1%'
2025-05-19 13:31:03 [DEBUG] calcflow: NTO Parser: Attempting STATE_HEADER_PATTERN match on line: ''
2025-05-19 13:31:03 [DEBUG] calcflow: NTO Parser: Attempting STATE_HEADER_PATTERN match on line: '  Excited State 8 :'
2025-05-19 13:31:03 [DEBUG] calcflow: Finalized NTOStateAnalysis: NTOStateAnalysis(state_number=7, multiplicity='Excited State', contributions=(NTOContribution(hole_reference='H', hole_offset=-1, electron_reference='L', electron_offset=1, coefficient=-0.6983, weight_percent=48.8, is_alpha_spin=True), NTOContribution(hole_reference='H', hole_offset=-1, electron_reference='L', electron_offset=1, coefficient=0.6983, weight_percent=48.8, is_alpha_spin=False)), omega_percent=100.2, omega_alpha_percent=50.1, omega_beta_percent=50.1)
2025-05-19 13:31:03 [DEBUG] calcflow: Parsing NTOs for Excited State state 8
2025-05-19 13:31:03 [DEBUG] calcflow: NTO Parser: Attempting STATE_HEADER_PATTERN match on line: '    Decomposition into state-averaged NTOs'
2025-05-19 13:31:03 [DEBUG] calcflow: NTO Parser: Attempting STATE_HEADER_PATTERN match on line: '    Alpha spin:'
2025-05-19 13:31:03 [DEBUG] calcflow: NTO Parser: Attempting STATE_HEADER_PATTERN match on line: '      H- 1 -> L+ 1: -0.7036 ( 49.5%)'
2025-05-19 13:31:03 [DEBUG] calcflow: NTO Parser: Attempting STATE_HEADER_PATTERN match on line: '                     omega =  50.1%'
2025-05-19 13:31:03 [DEBUG] calcflow: NTO Parser: Attempting STATE_HEADER_PATTERN match on line: '    Beta spin:'
2025-05-19 13:31:03 [DEBUG] calcflow: NTO Parser: Attempting STATE_HEADER_PATTERN match on line: '      H- 1 -> L+ 1: -0.7036 ( 49.5%)'
2025-05-19 13:31:03 [DEBUG] calcflow: NTO Parser: Attempting STATE_HEADER_PATTERN match on line: '                     omega =  50.1%'
2025-05-19 13:31:03 [DEBUG] calcflow: NTO Parser: Attempting STATE_HEADER_PATTERN match on line: ''
2025-05-19 13:31:03 [DEBUG] calcflow: NTO Parser: Attempting STATE_HEADER_PATTERN match on line: '  Excited State 9 :'
2025-05-19 13:31:03 [DEBUG] calcflow: Finalized NTOStateAnalysis: NTOStateAnalysis(state_number=8, multiplicity='Excited State', contributions=(NTOContribution(hole_reference='H', hole_offset=-1, electron_reference='L', electron_offset=1, coefficient=-0.7036, weight_percent=49.5, is_alpha_spin=True), NTOContribution(hole_reference='H', hole_offset=-1, electron_reference='L', electron_offset=1, coefficient=-0.7036, weight_percent=49.5, is_alpha_spin=False)), omega_percent=100.2, omega_alpha_percent=50.1, omega_beta_percent=50.1)
2025-05-19 13:31:03 [DEBUG] calcflow: Parsing NTOs for Excited State state 9
2025-05-19 13:31:03 [DEBUG] calcflow: NTO Parser: Attempting STATE_HEADER_PATTERN match on line: '    Decomposition into state-averaged NTOs'
2025-05-19 13:31:03 [DEBUG] calcflow: NTO Parser: Attempting STATE_HEADER_PATTERN match on line: '    Alpha spin:'
2025-05-19 13:31:03 [DEBUG] calcflow: NTO Parser: Attempting STATE_HEADER_PATTERN match on line: '      H- 2 -> L+ 0:  0.6970 ( 48.6%)'
2025-05-19 13:31:03 [DEBUG] calcflow: NTO Parser: Attempting STATE_HEADER_PATTERN match on line: '      H- 1 -> L+ 1: -0.1024 (  1.0%)'
2025-05-19 13:31:03 [DEBUG] calcflow: NTO Parser: Attempting STATE_HEADER_PATTERN match on line: '                     omega =  50.1%'
2025-05-19 13:31:03 [DEBUG] calcflow: NTO Parser: Attempting STATE_HEADER_PATTERN match on line: '    Beta spin:'
2025-05-19 13:31:03 [DEBUG] calcflow: NTO Parser: Attempting STATE_HEADER_PATTERN match on line: '      H- 2 -> L+ 0: -0.6970 ( 48.6%)'
2025-05-19 13:31:03 [DEBUG] calcflow: NTO Parser: Attempting STATE_HEADER_PATTERN match on line: '      H- 1 -> L+ 1:  0.1024 (  1.0%)'
2025-05-19 13:31:03 [DEBUG] calcflow: NTO Parser: Attempting STATE_HEADER_PATTERN match on line: '                     omega =  50.1%'
2025-05-19 13:31:03 [DEBUG] calcflow: NTO Parser: Attempting STATE_HEADER_PATTERN match on line: ''
2025-05-19 13:31:03 [DEBUG] calcflow: NTO Parser: Attempting STATE_HEADER_PATTERN match on line: '  Excited State 10 :'
2025-05-19 13:31:03 [DEBUG] calcflow: Finalized NTOStateAnalysis: NTOStateAnalysis(state_number=9, multiplicity='Excited State', contributions=(NTOContribution(hole_reference='H', hole_offset=-2, electron_reference='L', electron_offset=0, coefficient=0.697, weight_percent=48.6, is_alpha_spin=True), NTOContribution(hole_reference='H', hole_offset=-1, electron_reference='L', electron_offset=1, coefficient=-0.1024, weight_percent=1.0, is_alpha_spin=True), NTOContribution(hole_reference='H', hole_offset=-2, electron_reference='L', electron_offset=0, coefficient=-0.697, weight_percent=48.6, is_alpha_spin=False), NTOContribution(hole_reference='H', hole_offset=-1, electron_reference='L', electron_offset=1, coefficient=0.1024, weight_percent=1.0, is_alpha_spin=False)), omega_percent=100.2, omega_alpha_percent=50.1, omega_beta_percent=50.1)
2025-05-19 13:31:03 [DEBUG] calcflow: Parsing NTOs for Excited State state 10
2025-05-19 13:31:03 [DEBUG] calcflow: NTO Parser: Attempting STATE_HEADER_PATTERN match on line: '    Decomposition into state-averaged NTOs'
2025-05-19 13:31:03 [DEBUG] calcflow: NTO Parser: Attempting STATE_HEADER_PATTERN match on line: '    Alpha spin:'
2025-05-19 13:31:03 [DEBUG] calcflow: NTO Parser: Attempting STATE_HEADER_PATTERN match on line: '      H- 2 -> L+ 0:  0.7032 ( 49.4%)'
2025-05-19 13:31:03 [DEBUG] calcflow: NTO Parser: Attempting STATE_HEADER_PATTERN match on line: '                     omega =  50.1%'
2025-05-19 13:31:03 [DEBUG] calcflow: NTO Parser: Attempting STATE_HEADER_PATTERN match on line: '    Beta spin:'
2025-05-19 13:31:03 [DEBUG] calcflow: NTO Parser: Attempting STATE_HEADER_PATTERN match on line: '      H- 2 -> L+ 0:  0.7032 ( 49.4%)'
2025-05-19 13:31:03 [DEBUG] calcflow: NTO Parser: Attempting STATE_HEADER_PATTERN match on line: '                     omega =  50.1%'
2025-05-19 13:31:03 [DEBUG] calcflow: NTO Parser: Attempting STATE_HEADER_PATTERN match on line: ''
2025-05-19 13:31:03 [DEBUG] calcflow: Found SA-NTO Decomposition section end token.
2025-05-19 13:31:03 [DEBUG] calcflow: Finalized NTOStateAnalysis: NTOStateAnalysis(state_number=10, multiplicity='Excited State', contributions=(NTOContribution(hole_reference='H', hole_offset=-2, electron_reference='L', electron_offset=0, coefficient=0.7032, weight_percent=49.4, is_alpha_spin=True), NTOContribution(hole_reference='H', hole_offset=-2, electron_reference='L', electron_offset=0, coefficient=0.7032, weight_percent=49.4, is_alpha_spin=False)), omega_percent=100.2, omega_alpha_percent=50.1, omega_beta_percent=50.1)
2025-05-19 13:31:03 [INFO] calcflow: Core dispatch: NTODecompositionParser .parse() completed.
2025-05-19 13:31:03 [INFO] calcflow: Core dispatch: Line 198 ('Orbital Energies (a.u.)') MATCHED by OrbitalParser. Calling .parse().
2025-05-19 13:31:03 [DEBUG] calcflow: Parsing Orbital Energies section.
2025-05-19 13:31:03 [DEBUG] calcflow: Skipping blank line 1
2025-05-19 13:31:03 [DEBUG] calcflow: Detected spin type: alpha
2025-05-19 13:31:03 [DEBUG] calcflow: Parsing occupied alpha orbitals.
2025-05-19 13:31:03 [DEBUG] calcflow: Parsed 5 alpha energies: [-19.2346, -1.1182, -0.6261, -0.4888, -0.4147]
2025-05-19 13:31:03 [DEBUG] calcflow: Parsing virtual alpha orbitals.
2025-05-19 13:31:03 [DEBUG] calcflow: Parsed 8 alpha energies: [0.0878, 0.1389, 0.3614, 0.3715, 0.4265, 0.4394, 0.5388, 0.7688]
2025-05-19 13:31:03 [DEBUG] calcflow: Parsed 8 alpha energies: [0.8532, 0.8877, 0.9614, 1.1406, 1.265, 1.3179, 1.5082, 1.5393]
2025-05-19 13:31:03 [DEBUG] calcflow: Parsed 8 alpha energies: [1.8541, 1.9189, 1.9527, 2.1473, 2.184, 2.3774, 2.9776, 3.4429]
2025-05-19 13:31:03 [DEBUG] calcflow: Parsed 8 alpha energies: [3.4709, 3.6084, 3.6592, 3.7714, 3.8838, 3.8938, 4.1099, 4.1211]
2025-05-19 13:31:03 [DEBUG] calcflow: Parsed 8 alpha energies: [4.3091, 4.4486, 4.5396, 4.5676, 4.696, 4.8874, 4.9189, 4.9296]
2025-05-19 13:31:03 [DEBUG] calcflow: Parsed 8 alpha energies: [5.0041, 5.7331, 5.9998, 6.0272, 6.2568, 6.2792, 6.3051, 6.3379]
2025-05-19 13:31:03 [DEBUG] calcflow: Parsed 5 alpha energies: [6.4981, 6.8786, 6.8988, 7.4257, 14.8185]
2025-05-19 13:31:03 [DEBUG] calcflow: Skipping blank line 13
2025-05-19 13:31:03 [DEBUG] calcflow: Detected spin type: beta
2025-05-19 13:31:03 [DEBUG] calcflow: Parsing occupied beta orbitals.
2025-05-19 13:31:03 [DEBUG] calcflow: Parsed 5 beta energies: [-19.2346, -1.1182, -0.6261, -0.4888, -0.4147]
2025-05-19 13:31:03 [DEBUG] calcflow: Parsing virtual beta orbitals.
2025-05-19 13:31:03 [DEBUG] calcflow: Parsed 8 beta energies: [0.0878, 0.1389, 0.3614, 0.3715, 0.4265, 0.4394, 0.5388, 0.7688]
2025-05-19 13:31:03 [DEBUG] calcflow: Parsed 8 beta energies: [0.8532, 0.8877, 0.9614, 1.1406, 1.265, 1.3179, 1.5082, 1.5393]
2025-05-19 13:31:03 [DEBUG] calcflow: Parsed 8 beta energies: [1.8541, 1.9189, 1.9527, 2.1473, 2.184, 2.3774, 2.9776, 3.4429]
2025-05-19 13:31:03 [DEBUG] calcflow: Parsed 8 beta energies: [3.4709, 3.6084, 3.6592, 3.7714, 3.8838, 3.8938, 4.1099, 4.1211]
2025-05-19 13:31:03 [DEBUG] calcflow: Parsed 8 beta energies: [4.3091, 4.4486, 4.5396, 4.5676, 4.696, 4.8874, 4.9189, 4.9296]
2025-05-19 13:31:03 [DEBUG] calcflow: Parsed 8 beta energies: [5.0041, 5.7331, 5.9998, 6.0272, 6.2568, 6.2792, 6.3051, 6.3379]
2025-05-19 13:31:03 [DEBUG] calcflow: Parsed 5 beta energies: [6.4981, 6.8786, 6.8988, 7.4257, 14.8185]
2025-05-19 13:31:03 [DEBUG] calcflow: End of Orbital Energies section detected at block line 25 ('--------------------------------------------------------------').
2025-05-19 13:31:03 [DEBUG] calcflow: Finished parsing Orbital Energies section. Found 58 alpha MOs and 58 beta MOs.
2025-05-19 13:31:03 [INFO] calcflow: Core dispatch: OrbitalParser .parse() completed.
2025-05-19 13:31:03 [INFO] calcflow: Core dispatch: Line 201 ('Cartesian Multipole Moments') MATCHED by MultipoleParser. Calling .parse().
2025-05-19 13:31:03 [DEBUG] calcflow: Entering Multipole Moments section.
2025-05-19 13:31:03 [DEBUG] calcflow: Found end of Multipole Moments section.
2025-05-19 13:31:03 [DEBUG] calcflow: Parsed Multipole Data: MultipoleResults(Charge=0.0000, Dipole=2.0154 D, Higher moments present)
2025-05-19 13:31:03 [DEBUG] calcflow: Exiting Multipole Moments section.
2025-05-19 13:31:03 [INFO] calcflow: Core dispatch: MultipoleParser .parse() completed.
2025-05-19 13:31:03 [DEBUG] calcflow: Found Normal Termination signature.
2025-05-19 13:31:03 [DEBUG] calcflow: Core main loop: Reached end of input.
2025-05-19 13:31:03 [INFO] calcflow: Q-Chem SP parsing finished. Status: NORMAL, Final Energy: -76.44125314
PASSED

============================== 3 passed in 0.03s ===============================
